millisecs |yr|mo|da|hr|mi|se|volt   |ampere |watt   
0000000028|21|02|23|10|03|14|039.820|000.074|002.948
0000000085|21|02|23|10|03|15|039.799|000.014|000.589
0000000185|21|02|23|10|03|15|039.799|000.044|001.768
0000000284|21|02|23|10|03|15|039.841|000.059|002.360
0000000384|21|02|23|10|03|15|039.825|000.029|001.179
0000000485|21|02|23|10|03|15|039.825|000.007|000.294
0000000584|21|02|23|10|03|16|039.809|000.044|001.768
0000000684|21|02|23|10|03|16|039.799|000.029|001.178
0000000785|21|02|23|10|03|16|039.809|000.029|001.179
0000000884|21|02|23|10|03|16|039.793|000.059|002.357
0000000984|21|02|23|10|03|16|039.799|000.111|004.420
0000001085|21|02|23|10|03|16|039.815|000.022|000.884
0000001185|21|02|23|10|03|16|039.809|000.022|000.884
0000001285|21|02|23|10|03|16|039.836|000.014|000.590
0000001385|21|02|23|10|03|16|039.809|000.051|002.063
0000001485|21|02|23|10|03|16|039.820|000.022|000.884
0000001585|21|02|23|10|03|17|039.809|000.044|001.768
0000001685|21|02|23|10|03|17|039.799|000.022|000.884
0000001785|21|02|23|10|03|17|039.799|000.037|001.473
0000001885|21|02|23|10|03|17|039.825|000.037|001.474
0000001985|21|02|23|10|03|17|039.809|000.007|000.294
0000002085|21|02|23|10|03|17|039.836|000.022|000.885
0000002186|21|02|23|10|03|17|039.799|000.022|000.884
0000002285|21|02|23|10|03|17|039.793|000.103|004.125
0000002385|21|02|23|10|03|17|039.825|000.007|000.294
0000002486|21|02|23|10|03|17|039.825|000.014|000.589
0000002585|21|02|23|10|03|18|039.793|000.066|002.652
0000002685|21|02|23|10|03|18|039.836|000.014|000.590
0000002786|21|02|23|10|03|18|039.793|000.051|002.062
0000002885|21|02|23|10|03|18|039.799|000.088|003.536
0000002985|21|02|23|10|03|18|039.825|000.044|001.769
0000003086|21|02|23|10|03|18|039.825|000.081|003.244
0000003185|21|02|23|10|03|18|039.799|000.044|001.768
0000003285|21|02|23|10|03|18|039.820|000.029|001.179
0000003386|21|02|23|10|03|18|039.815|000.081|003.243
0000003485|21|02|23|10|03|18|039.793|000.066|002.652
0000003585|21|02|23|10|03|19|039.825|000.029|001.179
0000003686|21|02|23|10|03|19|039.799|000.044|001.768
0000003785|21|02|23|10|03|19|039.804|000.044|001.768
0000003885|21|02|23|10|03|19|039.793|000.051|002.062
0000003986|21|02|23|10|03|19|039.793|000.059|002.357
0000004086|21|02|23|10|03|19|039.825|000.037|001.474
0000004186|21|02|23|10|03|19|039.825|000.000|000.000
0000004286|21|02|23|10|03|19|039.793|000.051|002.062
0000004386|21|02|23|10|03|19|039.809|000.088|003.537
0000004486|21|02|23|10|03|19|039.793|000.051|002.062
0000004586|21|02|23|10|03|20|039.793|000.029|001.178
0000004686|21|02|23|10|03|20|039.799|000.044|001.768
0000004786|21|02|23|10|03|20|039.825|000.051|002.064
0000004886|21|02|23|10|03|20|039.804|000.014|000.589
0000004986|21|02|23|10|03|20|039.809|000.014|000.589
0000005087|21|02|23|10|03|20|039.809|000.022|000.884
0000005186|21|02|23|10|03|20|039.804|000.059|002.358
0000005286|21|02|23|10|03|20|039.793|000.059|002.357
0000005387|21|02|23|10|03|20|039.825|000.074|002.949
0000005486|21|02|23|10|03|20|039.793|000.007|000.294
0000005586|21|02|23|10|03|21|039.815|000.088|003.538
0000005687|21|02|23|10|03|21|039.793|000.044|001.768
0000005786|21|02|23|10|03|21|039.799|000.014|000.589
0000005886|21|02|23|10|03|21|039.815|000.096|003.833
0000005987|21|02|23|10|03|21|039.788|000.029|001.178
0000006086|21|02|23|10|03|21|039.825|000.088|003.539
0000006186|21|02|23|10|03|21|039.809|000.051|002.063
0000006287|21|02|23|10|03|21|039.793|000.014|000.589
0000006386|21|02|23|10|03|21|039.793|000.029|001.178
0000006486|21|02|23|10|03|21|039.799|000.022|000.884
0000006587|21|02|23|10|03|22|039.799|000.022|000.884
0000006686|21|02|23|10|03|22|039.825|000.059|002.359
0000006786|21|02|23|10|03|22|039.831|000.029|001.179
0000006887|21|02|23|10|03|22|039.809|000.051|002.063
0000006987|21|02|23|10|03|22|039.793|000.029|001.178
0000007087|21|02|23|10|03|22|039.804|000.007|000.294
0000007187|21|02|23|10|03|22|039.825|000.051|002.064
0000007287|21|02|23|10|03|22|039.799|000.074|002.947
0000007387|21|02|23|10|03|22|039.809|000.044|001.768
0000007487|21|02|23|10|03|22|039.815|000.059|002.358
0000007587|21|02|23|10|03|23|039.836|000.059|002.360
0000007687|21|02|23|10|03|23|039.809|000.051|002.063
0000007787|21|02|23|10|03|23|039.820|000.081|003.243
0000007887|21|02|23|10|03|23|039.820|000.059|002.359
0000007987|21|02|23|10|03|23|039.820|000.081|003.243
0000008087|21|02|23|10|03|23|039.820|000.044|001.769
0000008187|21|02|23|10|03|23|039.793|000.044|001.768
0000008288|21|02|23|10|03|23|039.804|000.059|002.358
0000008387|21|02|23|10|03|23|039.799|000.022|000.884
0000008487|21|02|23|10|03|23|039.793|000.044|001.768
0000008588|21|02|23|10|03|24|039.809|000.096|003.832
0000008687|21|02|23|10|03|24|039.788|000.044|001.767
0000008787|21|02|23|10|03|24|039.799|000.037|001.473
0000008888|21|02|23|10|03|24|039.825|000.081|003.244
0000008987|21|02|23|10|03|24|039.804|000.059|002.358
0000009087|21|02|23|10|03|24|039.809|000.037|001.474
0000009188|21|02|23|10|03|24|039.809|000.037|001.474
0000009287|21|02|23|10|03|24|039.815|000.081|003.243
0000009387|21|02|23|10|03|24|039.804|000.051|002.063
0000009488|21|02|23|10|03|24|039.804|000.007|000.294
0000009587|21|02|23|10|03|25|039.815|000.051|002.063
0000009687|21|02|23|10|03|25|039.793|000.044|001.768
0000009788|21|02|23|10|03|25|039.820|000.051|002.064
0000009887|21|02|23|10|03|25|039.793|000.044|001.768
0000009987|21|02|23|10|03|25|039.809|000.044|001.768
0000010087|21|02|23|10|03|25|039.820|000.000|000.000
0000010187|21|02|23|10|03|25|039.799|000.081|003.242
0000010287|21|02|23|10|03|25|039.809|000.044|001.768
0000010387|21|02|23|10|03|25|039.804|000.007|000.294
0000010487|21|02|23|10|03|25|039.783|000.088|003.535
0000010587|21|02|23|10|03|26|039.809|000.059|002.358
0000010687|21|02|23|10|03|26|039.799|000.037|001.473
0000010787|21|02|23|10|03|26|039.799|000.037|001.473
0000010887|21|02|23|10|03|26|039.804|000.000|000.000
0000010987|21|02|23|10|03|26|039.783|000.051|002.062
0000011087|21|02|23|10|03|26|039.788|000.014|000.589
0000011187|21|02|23|10|03|26|039.799|000.029|001.178
0000011287|21|02|23|10|03|26|039.788|000.029|001.178
0000011387|21|02|23|10|03|26|039.799|000.029|001.178
0000011488|21|02|23|10|03|26|039.825|000.014|000.589
0000011587|21|02|23|10|03|27|039.799|000.022|000.884
0000011687|21|02|23|10|03|27|039.799|000.059|002.357
0000011788|21|02|23|10|03|27|039.788|000.037|001.473
0000011887|21|02|23|10|03|27|039.809|000.066|002.653
0000011987|21|02|23|10|03|27|039.820|000.022|000.884
0000012088|21|02|23|10|03|27|039.778|000.059|002.356
0000012187|21|02|23|10|03|27|039.799|000.037|001.473
0000012287|21|02|23|10|03|27|039.815|000.014|000.589
0000012388|21|02|23|10|03|27|039.809|000.014|000.589
0000012487|21|02|23|10|03|27|039.804|000.007|000.294
0000012587|21|02|23|10|03|28|039.778|000.029|001.178
0000012688|21|02|23|10|03|28|039.788|000.044|001.767
0000012787|21|02|23|10|03|28|039.799|000.044|001.768
0000012887|21|02|23|10|03|28|039.809|000.044|001.768
0000012988|21|02|23|10|03|28|039.820|000.000|000.000
0000013087|21|02|23|10|03|28|039.799|000.022|000.884
0000013187|21|02|23|10|03|28|039.809|000.044|001.768
0000013287|21|02|23|10|03|28|039.804|000.007|000.294
0000013387|21|02|23|10|03|28|039.820|000.022|000.884
0000013487|21|02|23|10|03|28|039.788|000.037|001.473
0000013587|21|02|23|10|03|29|039.815|000.051|002.063
0000013687|21|02|23|10|03|29|039.820|000.044|001.769
0000013787|21|02|23|10|03|29|039.788|000.037|001.473
0000013887|21|02|23|10|03|29|039.809|000.014|000.589
0000013987|21|02|23|10|03|29|039.820|000.014|000.589
0000014087|21|02|23|10|03|29|039.799|000.051|002.063
0000014187|21|02|23|10|03|29|039.831|000.029|001.179
0000014287|21|02|23|10|03|29|039.809|000.044|001.768
0000014387|21|02|23|10|03|29|039.820|000.029|001.179
0000014487|21|02|23|10|03|29|039.804|000.029|001.179
0000014587|21|02|23|10|03|30|039.809|000.051|002.063
0000014688|21|02|23|10|03|30|039.809|000.059|002.358
0000014787|21|02|23|10|03|30|039.772|000.007|000.294
0000014887|21|02|23|10|03|30|039.799|000.014|000.589
0000014988|21|02|23|10|03|30|039.799|000.059|002.357
0000015087|21|02|23|10|03|30|039.804|000.088|003.537
0000015187|21|02|23|10|03|30|039.804|000.051|002.063
0000015288|21|02|23|10|03|30|039.804|000.044|001.768
0000015387|21|02|23|10|03|30|039.799|000.051|002.063
0000015487|21|02|23|10|03|30|039.799|000.059|002.357
0000015588|21|02|23|10|03|31|039.778|000.059|002.356
0000015687|21|02|23|10|03|31|039.804|000.022|000.884
0000015787|21|02|23|10|03|31|039.783|000.051|002.062
0000015888|21|02|23|10|03|31|039.793|000.014|000.589
0000015987|21|02|23|10|03|31|039.809|000.088|003.537
0000016087|21|02|23|10|03|31|039.799|000.029|001.178
0000016188|21|02|23|10|03|31|039.799|000.007|000.294
0000016287|21|02|23|10|03|31|039.815|000.066|002.653
0000016387|21|02|23|10|03|31|039.799|000.059|002.357
0000016487|21|02|23|10|03|31|039.772|000.000|000.000
0000016587|21|02|23|10|03|32|039.793|000.074|002.946
0000016687|21|02|23|10|03|32|039.793|000.029|001.178
0000016787|21|02|23|10|03|32|039.799|000.037|001.473
0000016887|21|02|23|10|03|32|039.820|000.000|000.000
0000016987|21|02|23|10|03|32|039.809|000.074|002.948
0000017087|21|02|23|10|03|32|039.804|000.051|002.063
0000017187|21|02|23|10|03|32|039.809|000.044|001.768
0000017287|21|02|23|10|03|32|039.809|000.007|000.294
0000017387|21|02|23|10|03|32|039.772|000.014|000.589
0000017487|21|02|23|10|03|32|039.772|000.044|001.767
0000017587|21|02|23|10|03|33|039.799|000.059|002.357
0000017687|21|02|23|10|03|33|039.809|000.037|001.474
0000017787|21|02|23|10|03|33|039.799|000.044|001.768
0000017888|21|02|23|10|03|33|039.778|000.081|003.240
0000017987|21|02|23|10|03|33|039.799|000.074|002.947
0000018087|21|02|23|10|03|33|039.788|000.014|000.589
0000018188|21|02|23|10|03|33|039.831|000.051|002.064
0000018287|21|02|23|10|03|33|039.788|000.051|002.062
0000018387|21|02|23|10|03|33|039.799|000.029|001.178
0000018488|21|02|23|10|03|33|039.793|000.007|000.294
0000018587|21|02|23|10|03|34|039.804|000.059|002.358
0000018687|21|02|23|10|03|34|039.820|000.007|000.294
0000018788|21|02|23|10|03|34|039.778|000.007|000.294
0000018887|21|02|23|10|03|34|039.799|000.044|001.768
0000018987|21|02|23|10|03|34|039.772|000.029|001.178
0000019088|21|02|23|10|03|34|039.783|000.014|000.589
0000019187|21|02|23|10|03|34|039.788|000.014|000.589
0000019287|21|02|23|10|03|34|039.793|000.022|000.884
0000019388|21|02|23|10|03|34|039.793|000.014|000.589
0000019487|21|02|23|10|03|34|039.809|000.029|001.179
0000019587|21|02|23|10|03|35|039.825|000.044|001.769
0000019687|21|02|23|10|03|35|039.809|000.037|001.474
0000019787|21|02|23|10|03|35|039.778|000.037|001.472
0000019887|21|02|23|10|03|35|039.809|000.007|000.294
0000019987|21|02|23|10|03|35|039.809|000.014|000.589
0000020087|21|02|23|10|03|35|039.788|000.022|000.883
0000020187|21|02|23|10|03|35|039.799|000.014|000.589
0000020287|21|02|23|10|03|35|039.783|000.007|000.294
0000020387|21|02|23|10|03|35|039.783|000.022|000.883
0000020487|21|02|23|10|03|35|039.778|000.022|000.883
0000020587|21|02|23|10|03|36|039.809|000.022|000.884
0000020687|21|02|23|10|03|36|039.820|000.044|001.769
0000020787|21|02|23|10|03|36|039.809|000.051|002.063
0000020887|21|02|23|10|03|36|039.799|000.014|000.589
0000020987|21|02|23|10|03|36|039.788|000.014|000.589
0000021088|21|02|23|10|03|36|039.809|000.000|000.000
0000021187|21|02|23|10|03|36|039.793|000.029|001.178
0000021287|21|02|23|10|03|36|039.815|000.044|001.769
0000021388|21|02|23|10|03|36|039.793|000.037|001.473
0000021487|21|02|23|10|03|36|039.788|000.066|002.651
0000021587|21|02|23|10|03|37|039.788|000.051|002.062
0000021688|21|02|23|10|03|37|039.809|000.029|001.179
0000021787|21|02|23|10|03|37|039.783|000.007|000.294
0000021887|21|02|23|10|03|37|039.793|000.029|001.178
0000021988|21|02|23|10|03|37|039.804|000.007|000.294
0000022087|21|02|23|10|03|37|039.783|000.022|000.883
0000022187|21|02|23|10|03|37|039.793|000.044|001.768
0000022288|21|02|23|10|03|37|039.815|000.037|001.474
0000022387|21|02|23|10|03|37|039.788|000.029|001.178
0000022487|21|02|23|10|03|37|039.793|000.029|001.178
0000022588|21|02|23|10|03|38|039.809|000.044|001.768
0000022687|21|02|23|10|03|38|039.815|000.066|002.653
0000022787|21|02|23|10|03|38|039.772|000.022|000.883
0000022887|21|02|23|10|03|38|039.820|000.007|000.294
0000022987|21|02|23|10|03|38|039.767|000.037|001.472
0000023087|21|02|23|10|03|38|039.809|000.014|000.589
0000023187|21|02|23|10|03|38|039.788|000.081|003.241
0000023287|21|02|23|10|03|38|039.783|000.133|005.303
0000023387|21|02|23|10|03|38|039.778|000.059|002.356
0000023487|21|02|23|10|03|38|039.772|000.103|004.123
0000023588|21|02|23|10|03|39|039.762|000.088|003.533
0000023687|21|02|23|10|03|39|039.762|000.074|002.944
0000023787|21|02|23|10|03|39|039.751|000.111|004.415
0000023887|21|02|23|10|03|39|039.746|000.103|004.120
0000023987|21|02|23|10|03|39|039.778|000.140|005.596
0000024087|21|02|23|10|03|39|039.778|000.074|002.945
0000024187|21|02|23|10|03|39|039.762|000.088|003.533
0000024288|21|02|23|10|03|39|039.751|000.125|005.004
0000024387|21|02|23|10|03|39|039.740|000.177|007.063
0000024487|21|02|23|10|03|39|039.730|000.162|006.472
0000024588|21|02|23|10|03|40|039.756|000.118|004.710
0000024687|21|02|23|10|03|40|039.767|000.111|004.417
0000024787|21|02|23|10|03|40|039.762|000.125|005.005
0000024888|21|02|23|10|03|40|039.783|000.088|003.535
0000024987|21|02|23|10|03|40|039.751|000.096|003.826
0000025087|21|02|23|10|03|40|039.767|000.118|004.711
0000025188|21|02|23|10|03|40|039.746|000.059|002.354
0000025287|21|02|23|10|03|40|039.762|000.133|005.300
0000025387|21|02|23|10|03|40|039.746|000.118|004.709
0000025488|21|02|23|10|03|40|039.762|000.170|006.772
0000025587|21|02|23|10|03|41|039.762|000.081|003.239
0000025687|21|02|23|10|03|41|039.762|000.125|005.005
0000025788|21|02|23|10|03|41|039.756|000.074|002.944
0000025887|21|02|23|10|03|41|039.740|000.088|003.531
0000025987|21|02|23|10|03|41|039.740|000.096|003.825
0000026087|21|02|23|10|03|41|039.762|000.155|006.183
0000026187|21|02|23|10|03|41|039.778|000.096|003.829
0000026287|21|02|23|10|03|41|039.746|000.148|005.886
0000026387|21|02|23|10|03|41|039.756|000.111|004.416
0000026487|21|02|23|10|03|41|039.772|000.111|004.418
0000026587|21|02|23|10|03|42|039.772|000.088|003.534
0000026687|21|02|23|10|03|42|039.751|000.096|003.826
0000026787|21|02|23|10|03|42|039.772|000.059|002.356
0000026887|21|02|23|10|03|42|039.746|000.103|004.120
0000026987|21|02|23|10|03|42|039.767|000.103|004.122
0000027087|21|02|23|10|03|42|039.756|000.125|005.005
0000027187|21|02|23|10|03|42|039.756|000.081|003.238
0000027287|21|02|23|10|03|42|039.767|000.074|002.944
0000027387|21|02|23|10|03|42|039.751|000.059|002.355
0000027488|21|02|23|10|03|42|039.756|000.074|002.944
0000027587|21|02|23|10|03|43|039.767|000.118|004.711
0000027687|21|02|23|10|03|43|039.778|000.096|003.829
0000027788|21|02|23|10|03|43|039.735|000.074|002.942
0000027887|21|02|23|10|03|43|039.756|000.118|004.710
0000027987|21|02|23|10|03|43|039.730|000.066|002.647
0000028088|21|02|23|10|03|43|039.692|000.229|009.112
0000028187|21|02|23|10|03|43|039.676|000.473|018.804
0000028287|21|02|23|10|03|43|039.432|001.184|046.722
0000028388|21|02|23|10|03|43|039.533|000.836|033.082
0000028487|21|02|23|10|03|43|039.645|000.422|016.734
0000028587|21|02|23|10|03|44|039.719|000.318|012.648
0000028688|21|02|23|10|03|44|039.687|000.325|012.931
0000028787|21|02|23|10|03|44|039.655|000.488|019.382
0000028887|21|02|23|10|03|44|039.533|000.888|035.131
0000028988|21|02|23|10|03|44|039.490|001.007|039.772
0000029087|21|02|23|10|03|44|039.762|000.133|005.300
0000029187|21|02|23|10|03|44|039.299|001.688|066.354
0000029287|21|02|23|10|03|44|038.767|004.058|157.326
0000029387|21|02|23|10|03|44|039.379|001.310|051.616
0000029487|21|02|23|10|03|44|039.740|000.081|003.237
0000029587|21|02|23|10|03|45|039.708|000.125|004.999
0000029687|21|02|23|10|03|45|039.682|000.459|018.219
0000029787|21|02|23|10|03|45|039.560|000.673|026.659
0000029887|21|02|23|10|03|45|039.645|000.459|018.202
0000029987|21|02|23|10|03|45|039.708|000.244|009.704
0000030087|21|02|23|10|03|45|039.692|000.318|012.639
0000030187|21|02|23|10|03|45|039.634|000.733|029.057
0000030287|21|02|23|10|03|45|039.496|001.029|040.655
0000030387|21|02|23|10|03|45|039.655|000.533|021.144
0000030487|21|02|23|10|03|45|039.671|000.629|024.971
0000030587|21|02|23|10|03|46|039.650|000.414|016.443
0000030688|21|02|23|10|03|46|039.692|000.348|013.815
0000030787|21|02|23|10|03|46|039.650|000.392|015.562
0000030887|21|02|23|10|03|46|039.682|000.222|008.815
0000030988|21|02|23|10|03|46|039.756|000.096|003.827
0000031087|21|02|23|10|03|46|039.740|000.148|005.885
0000031187|21|02|23|10|03|46|039.655|000.533|021.144
0000031288|21|02|23|10|03|46|039.294|002.014|079.149
0000031387|21|02|23|10|03|46|039.166|002.332|091.364
0000031487|21|02|23|10|03|46|038.879|002.503|097.316
0000031588|21|02|23|10|03|47|039.065|002.421|094.600
0000031687|21|02|23|10|03|47|039.283|001.688|066.327
0000031787|21|02|23|10|03|47|039.384|001.384|054.540
0000031888|21|02|23|10|03|47|039.331|001.606|063.204
0000031987|21|02|23|10|03|47|039.166|002.029|079.472
0000032087|21|02|23|10|03|47|039.272|001.955|076.779
0000032188|21|02|23|10|03|47|039.400|000.992|039.098
0000032287|21|02|23|10|03|47|039.549|000.525|020.794
0000032387|21|02|23|10|03|47|039.533|000.844|033.374
0000032487|21|02|23|10|03|47|039.437|001.007|039.719
0000032587|21|02|23|10|03|48|039.331|001.495|058.835
0000032687|21|02|23|10|03|48|039.251|001.888|074.122
0000032787|21|02|23|10|03|48|039.320|001.599|062.896
0000032887|21|02|23|10|03|48|039.368|001.414|055.684
0000032987|21|02|23|10|03|48|039.363|001.495|058.883
0000033087|21|02|23|10|03|48|039.299|001.740|068.391
0000033187|21|02|23|10|03|48|039.432|001.029|040.589
0000033287|21|02|23|10|03|48|039.522|000.829|032.780
0000033387|21|02|23|10|03|48|039.464|000.940|037.115
0000033487|21|02|23|10|03|48|039.464|000.977|038.577
0000033587|21|02|23|10|03|49|039.501|000.851|033.640
0000033687|21|02|23|10|03|49|039.501|000.681|026.912
0000033787|21|02|23|10|03|49|039.671|000.192|007.638
0000033888|21|02|23|10|03|49|039.804|000.185|007.369
0000033987|21|02|23|10|03|49|039.746|000.118|004.709
0000034087|21|02|23|10|03|49|039.427|001.436|056.643
0000034188|21|02|23|10|03|49|038.448|004.724|181.657
0000034287|21|02|23|10|03|49|037.624|007.605|286.148
0000034387|21|02|23|10|03|49|038.230|003.821|146.087
0000034488|21|02|23|10|03|49|039.469|000.770|030.398
0000034587|21|02|23|10|03|50|039.565|000.540|021.388
0000034687|21|02|23|10|03|50|039.650|000.207|008.221
0000034788|21|02|23|10|03|50|039.698|000.037|001.469
0000034887|21|02|23|10|03|50|039.703|000.014|000.588
0000034987|21|02|23|10|03|50|039.692|000.111|004.409
0000035088|21|02|23|10|03|50|039.687|000.170|006.759
0000035187|21|02|23|10|03|50|039.682|000.236|009.403
0000035287|21|02|23|10|03|50|039.618|000.348|013.789
0000035388|21|02|23|10|03|50|039.421|001.214|047.877
0000035487|21|02|23|10|03|50|038.911|003.021|117.567
0000035587|21|02|23|10|03|51|037.374|009.286|347.076
0000035687|21|02|23|10|03|51|037.167|007.568|281.294
0000035787|21|02|23|10|03|51|038.890|002.799|108.863
0000035887|21|02|23|10|03|51|039.294|001.562|061.398
0000035987|21|02|23|10|03|51|039.198|001.888|074.021
0000036087|21|02|23|10|03|51|039.007|002.643|103.124
0000036187|21|02|23|10|03|51|039.022|002.406|093.919
0000036287|21|02|23|10|03|51|039.097|002.362|092.361
0000036387|21|02|23|10|03|51|038.980|002.503|097.569
0000036487|21|02|23|10|03|51|038.975|002.562|099.865
0000036587|21|02|23|10|03|52|038.959|002.466|096.073
0000036687|21|02|23|10|03|52|038.863|003.228|125.481
0000036787|21|02|23|10|03|52|038.916|003.095|120.465
0000036887|21|02|23|10|03|52|038.852|002.932|113.937
0000036987|21|02|23|10|03|52|038.959|002.939|114.538
0000037088|21|02|23|10|03|52|038.975|002.406|093.803
0000037187|21|02|23|10|03|52|039.054|002.221|086.765
0000037287|21|02|23|10|03|52|039.123|002.029|079.386
0000037388|21|02|23|10|03|52|039.145|002.088|081.748
0000037487|21|02|23|10|03|52|039.235|001.503|058.983
0000037587|21|02|23|10|03|53|039.512|000.607|023.993
0000037688|21|02|23|10|03|53|039.724|000.118|004.706
0000037787|21|02|23|10|03|53|039.772|000.325|012.959
0000037887|21|02|23|10|03|53|039.804|000.266|010.611
0000037988|21|02|23|10|03|53|039.724|000.029|001.176
0000038087|21|02|23|10|03|53|039.698|000.074|002.939
0000038187|21|02|23|10|03|53|039.629|000.414|016.434
0000038288|21|02|23|10|03|53|039.544|000.651|025.769
0000038387|21|02|23|10|03|53|039.506|000.666|026.330
0000038487|21|02|23|10|03|53|039.474|000.984|038.879
0000038588|21|02|23|10|03|54|039.326|001.214|047.761
0000038687|21|02|23|10|03|54|039.246|001.606|063.067
0000038787|21|02|23|10|03|54|039.219|001.873|073.481
0000038887|21|02|23|10|03|54|039.054|002.354|091.971
0000038987|21|02|23|10|03|54|038.794|003.317|128.705
0000039087|21|02|23|10|03|54|039.108|002.029|079.353
0000039187|21|02|23|10|03|54|039.283|001.310|051.491
0000039287|21|02|23|10|03|54|039.342|000.999|039.331
0000039387|21|02|23|10|03|54|039.272|001.362|053.513
0000039487|21|02|23|10|03|54|039.123|002.140|083.731
0000039587|21|02|23|10|03|55|039.118|001.918|075.029
0000039687|21|02|23|10|03|55|039.177|001.903|074.561
0000039787|21|02|23|10|03|55|039.118|002.369|092.701
0000039887|21|02|23|10|03|55|039.044|002.554|099.753
0000039987|21|02|23|10|03|55|038.969|002.754|107.354
0000040087|21|02|23|10|03|55|038.836|003.176|123.382
0000040187|21|02|23|10|03|55|038.714|003.599|139.335
0000040288|21|02|23|10|03|55|038.656|003.532|136.548
0000040387|21|02|23|10|03|55|038.804|003.236|125.579
0000040487|21|02|23|10|03|55|038.863|002.873|111.666
0000040588|21|02|23|10|03|56|039.108|002.184|085.435
0000040712|21|02|23|10|03|56|039.219|001.681|065.929
0000040811|21|02|23|10|03|56|039.235|001.518|059.564
0000040911|21|02|23|10|03|56|039.357|001.096|043.136
0000041011|21|02|23|10|03|56|039.639|000.111|004.403
0000041111|21|02|23|10|03|56|039.772|000.311|012.370
0000041211|21|02|23|10|03|56|039.671|000.051|002.056
0000041312|21|02|23|10|03|56|039.613|000.318|012.614
0000041411|21|02|23|10|03|56|039.650|000.037|001.468
0000041511|21|02|23|10|03|56|039.427|000.784|030.949
0000041612|21|02|23|10|03|57|039.272|001.621|063.692
0000041711|21|02|23|10|03|57|039.209|001.836|072.009
0000041811|21|02|23|10|03|57|039.155|001.888|073.941
0000041912|21|02|23|10|03|57|039.209|001.792|070.267
0000042011|21|02|23|10|03|57|039.283|001.444|056.727
0000042111|21|02|23|10|03|57|039.225|001.606|063.033
0000042212|21|02|23|10|03|57|039.150|001.747|068.422
0000042311|21|02|23|10|03|57|039.123|002.073|081.124
0000042411|21|02|23|10|03|57|039.092|002.110|082.505
0000042512|21|02|23|10|03|57|039.097|002.073|081.069
0000042611|21|02|23|10|03|58|039.044|002.184|085.296
0000042711|21|02|23|10|03|58|039.272|001.629|063.983
0000042812|21|02|23|10|03|58|039.262|001.384|054.370
0000042911|21|02|23|10|03|58|039.352|001.207|047.501
0000043011|21|02|23|10|03|58|039.283|001.525|059.927
0000043111|21|02|23|10|03|58|039.299|001.303|051.221
0000043211|21|02|23|10|03|58|039.342|001.318|051.859
0000043311|21|02|23|10|03|58|039.331|001.251|049.223
0000043411|21|02|23|10|03|58|039.288|001.429|056.153
0000043511|21|02|23|10|03|58|039.166|001.710|067.000
0000043611|21|02|23|10|03|59|039.214|001.651|064.759
0000043711|21|02|23|10|03|59|039.230|001.621|063.623
0000043811|21|02|23|10|03|59|039.198|001.481|058.056
0000043911|21|02|23|10|03|59|039.432|000.814|032.121
0000044011|21|02|23|10|03|59|039.512|000.466|018.434
0000044111|21|02|23|10|03|59|039.538|000.481|019.032
0000044211|21|02|23|10|03|59|039.416|001.044|041.157
0000044311|21|02|23|10|03|59|039.336|001.066|041.947
0000044411|21|02|23|10|03|59|039.490|000.733|028.952
0000044512|21|02|23|10|03|59|039.304|001.192|046.862
0000044611|21|02|23|10|04|00|039.225|001.555|061.000
0000044711|21|02|23|10|04|00|039.049|002.199|085.886
0000044812|21|02|23|10|04|00|038.661|004.280|165.483
0000044911|21|02|23|10|04|00|038.331|003.606|138.241
0000045011|21|02|23|10|04|00|038.751|002.991|115.937
0000045112|21|02|23|10|04|00|038.874|003.036|118.030
0000045211|21|02|23|10|04|00|038.512|004.191|161.424
0000045311|21|02|23|10|04|00|037.837|006.272|237.330
0000045412|21|02|23|10|04|00|037.305|008.412|313.835
0000045511|21|02|23|10|04|00|037.316|008.479|316.411
0000045611|21|02|23|10|04|01|037.555|007.420|278.670
0000045712|21|02|23|10|04|01|038.039|005.354|203.667
0000045811|21|02|23|10|04|01|038.145|005.339|203.671
0000045911|21|02|23|10|04|01|038.555|003.695|142.472
0000046012|21|02|23|10|04|01|038.884|002.665|103.664
0000046111|21|02|23|10|04|01|039.171|001.629|063.818
0000046211|21|02|23|10|04|01|039.554|000.066|002.636
0000046311|21|02|23|10|04|01|039.926|001.096|043.760
0000046411|21|02|23|10|04|01|040.017|001.140|045.637
0000046511|21|02|23|10|04|01|039.910|001.147|045.811
0000046611|21|02|23|10|04|02|039.336|001.007|039.617
0000046711|21|02|23|10|04|02|039.166|001.681|065.840
0000046811|21|02|23|10|04|02|038.517|004.280|164.869
0000046911|21|02|23|10|04|02|034.997|017.758|621.499
0000047011|21|02|23|10|04|02|033.429|020.653|690.439
0000047111|21|02|23|10|04|02|033.285|022.490|748.605
0000047211|21|02|23|10|04|02|033.471|021.727|727.259
0000047311|21|02|23|10|04|02|035.396|015.040|532.380
0000047411|21|02|23|10|04|02|038.937|002.095|081.603
0000047511|21|02|23|10|04|02|039.411|000.518|020.429
0000047611|21|02|23|10|04|03|039.586|000.103|004.104
0000047712|21|02|23|10|04|03|039.623|000.370|014.671
0000047811|21|02|23|10|04|03|039.639|000.459|018.200
0000047911|21|02|23|10|04|03|039.432|000.592|023.361
0000048012|21|02|23|10|04|03|038.778|002.777|107.688
0000048111|21|02|23|10|04|03|037.741|006.309|238.127
0000048211|21|02|23|10|04|03|034.434|020.216|696.150
0000048312|21|02|23|10|04|03|032.855|024.593|808.017
0000048411|21|02|23|10|04|03|033.780|021.594|729.457
0000048511|21|02|23|10|04|03|036.784|009.619|353.853
0000048612|21|02|23|10|04|04|038.416|003.724|143.100
0000048711|21|02|23|10|04|04|039.187|001.044|040.918
0000048811|21|02|23|10|04|04|039.613|000.429|017.014
0000048912|21|02|23|10|04|04|039.629|000.251|009.978
0000049011|21|02|23|10|04|04|039.411|000.392|015.468
0000049111|21|02|23|10|04|04|039.283|001.029|040.436
0000049212|21|02|23|10|04|04|038.395|004.176|160.365
0000049311|21|02|23|10|04|04|037.007|008.797|325.581
0000049411|21|02|23|10|04|04|035.024|016.862|590.587
0000049511|21|02|23|10|04|04|038.092|004.561|173.768
0000049611|21|02|23|10|04|05|039.209|000.999|039.198
0000049714|21|02|23|10|04|05|039.097|001.458|057.038
0000049813|21|02|23|10|04|05|039.033|001.806|070.530
0000049913|21|02|23|10|04|05|039.054|001.829|071.436
0000050013|21|02|23|10|04|05|039.123|001.370|053.600
0000050113|21|02|23|10|04|05|039.134|001.236|048.398
0000050213|21|02|23|10|04|05|039.193|001.310|051.372
0000050314|21|02|23|10|04|05|039.155|001.288|050.454
0000050413|21|02|23|10|04|05|039.193|001.281|050.211
0000050513|21|02|23|10|04|05|039.246|001.073|042.142
0000050614|21|02|23|10|04|06|039.331|000.814|032.039
0000050713|21|02|23|10|04|06|039.336|000.622|024.469
0000050813|21|02|23|10|04|06|039.400|000.466|018.381
0000050914|21|02|23|10|04|06|039.448|000.192|007.595
0000051013|21|02|23|10|04|06|039.448|000.236|009.348
0000051113|21|02|23|10|04|06|039.368|000.666|026.238
0000051214|21|02|23|10|04|06|039.240|000.903|035.452
0000051313|21|02|23|10|04|06|039.544|000.022|000.878
0000051413|21|02|23|10|04|06|039.155|001.547|060.602
0000051514|21|02|23|10|04|06|038.746|002.932|113.626
0000051613|21|02|23|10|04|07|037.709|006.931|261.383
0000051713|21|02|23|10|04|07|036.513|011.685|426.685
0000051814|21|02|23|10|04|07|036.678|010.463|383.794
0000051913|21|02|23|10|04|07|037.406|007.627|285.321
0000052013|21|02|23|10|04|07|038.065|005.057|192.533
0000052114|21|02|23|10|04|07|038.267|004.480|171.451
0000052214|21|02|23|10|04|07|038.166|004.746|181.173
0000052314|21|02|23|10|04|07|038.182|004.561|174.180
0000052414|21|02|23|10|04|07|038.379|003.932|150.919
0000052514|21|02|23|10|04|07|038.565|003.673|141.655
0000052614|21|02|23|10|04|08|038.507|003.339|128.608
0000052714|21|02|23|10|04|08|038.613|003.317|128.105
0000052814|21|02|23|10|04|08|038.608|003.051|117.795
0000052914|21|02|23|10|04|08|038.980|001.725|067.259
0000053014|21|02|23|10|04|08|039.490|000.044|001.754
0000053114|21|02|23|10|04|08|039.724|000.822|032.653
0000053215|21|02|23|10|04|08|039.788|001.051|041.840
0000053314|21|02|23|10|04|08|039.512|000.029|001.170
0000053414|21|02|23|10|04|08|039.219|001.081|042.404
0000053515|21|02|23|10|04|08|038.858|002.488|096.687
0000053614|21|02|23|10|04|09|038.273|003.902|149.367
0000053714|21|02|23|10|04|09|038.709|002.665|103.197
0000053815|21|02|23|10|04|09|038.959|002.154|083.956
0000053915|21|02|23|10|04|09|038.608|003.436|132.662
0000054014|21|02|23|10|04|09|037.704|007.190|271.119
0000054115|21|02|23|10|04|09|035.588|015.855|564.249
0000054214|21|02|23|10|04|09|036.965|008.627|318.910
0000054314|21|02|23|10|04|09|038.847|002.317|090.044
0000054415|21|02|23|10|04|09|038.911|002.014|078.378
0000054514|21|02|23|10|04|09|039.017|001.784|069.635
0000054614|21|02|23|10|04|10|038.820|002.340|090.845
0000054715|21|02|23|10|04|10|038.767|002.673|103.640
0000054814|21|02|23|10|04|10|039.022|001.799|070.222
0000054914|21|02|23|10|04|10|039.108|001.429|055.895
0000055015|21|02|23|10|04|10|039.161|001.147|044.950
0000055115|21|02|23|10|04|10|039.139|001.436|056.230
0000055215|21|02|23|10|04|10|038.996|001.777|069.308
0000055315|21|02|23|10|04|10|039.044|001.488|058.117
0000055415|21|02|23|10|04|10|039.049|001.421|055.522
0000055515|21|02|23|10|04|10|039.193|001.214|047.599
0000055615|21|02|23|10|04|11|039.182|001.036|040.622
0000055715|21|02|23|10|04|11|039.294|000.822|032.299
0000055815|21|02|23|10|04|11|039.320|000.622|024.459
0000055915|21|02|23|10|04|11|039.331|000.666|026.213
0000056015|21|02|23|10|04|11|039.379|000.466|018.372
0000056115|21|02|23|10|04|11|039.416|000.473|018.681
0000056215|21|02|23|10|04|11|039.363|000.562|022.154
0000056315|21|02|23|10|04|11|039.411|000.392|015.468
0000056416|21|02|23|10|04|11|039.421|000.222|008.758
0000056515|21|02|23|10|04|11|039.453|000.155|006.135
0000056615|21|02|23|10|04|12|039.485|000.103|004.093
0000056716|21|02|23|10|04|12|039.453|000.066|002.629
0000056815|21|02|23|10|04|12|039.490|000.007|000.292
0000056915|21|02|23|10|04|12|039.517|000.037|001.463
0000057016|21|02|23|10|04|12|039.496|000.118|004.679
0000057115|21|02|23|10|04|12|039.506|000.125|004.973
0000057215|21|02|23|10|04|12|039.496|000.088|003.509
0000057316|21|02|23|10|04|12|039.517|000.118|004.682
0000057415|21|02|23|10|04|12|039.485|000.074|002.924
0000057515|21|02|23|10|04|12|039.490|000.155|006.141
0000057616|21|02|23|10|04|13|039.453|000.125|004.966
0000057715|21|02|23|10|04|13|039.469|000.199|007.891
0000057815|21|02|23|10|04|13|039.474|000.222|008.769
0000057916|21|02|23|10|04|13|039.453|000.274|010.810
0000058015|21|02|23|10|04|13|039.432|000.429|016.936
0000058115|21|02|23|10|04|13|039.416|000.518|020.432
0000058215|21|02|23|10|04|13|039.368|000.659|025.947
0000058315|21|02|23|10|04|13|039.288|000.866|034.041
0000058415|21|02|23|10|04|13|039.246|001.073|042.142
0000058515|21|02|23|10|04|13|039.171|001.266|049.604
0000058615|21|02|23|10|04|14|039.145|001.525|059.716
0000058715|21|02|23|10|04|14|039.155|001.377|053.933
0000058815|21|02|23|10|04|14|038.943|002.229|086.805
0000058915|21|02|23|10|04|14|038.672|003.369|130.304
0000059015|21|02|23|10|04|14|038.895|002.532|098.508
0000059115|21|02|23|10|04|14|038.459|004.110|158.068
0000059215|21|02|23|10|04|14|038.321|004.480|171.689
0000059315|21|02|23|10|04|14|037.970|005.716|217.075
0000059415|21|02|23|10|04|14|037.959|005.531|209.986
0000059515|21|02|23|10|04|14|037.986|005.524|209.852
0000059616|21|02|23|10|04|15|038.411|004.043|155.311
0000059715|21|02|23|10|04|15|038.331|004.250|162.937
0000059815|21|02|23|10|04|15|038.161|004.843|184.822
0000059916|21|02|23|10|04|15|038.236|004.517|172.724
0000060015|21|02|23|10|04|15|038.719|002.939|113.834
0000060115|21|02|23|10|04|15|038.921|001.858|072.346
0000060216|21|02|23|10|04|15|039.086|001.644|064.258
0000060315|21|02|23|10|04|15|039.209|001.007|039.488
0000060415|21|02|23|10|04|15|039.597|000.325|012.902
0000060517|21|02|23|10|04|15|039.655|000.525|020.850
0000060618|21|02|23|10|04|16|039.528|000.133|005.269
0000060718|21|02|23|10|04|16|039.496|000.140|005.557
0000060819|21|02|23|10|04|16|039.437|000.199|007.885
0000060918|21|02|23|10|04|16|039.331|000.696|027.378
0000061018|21|02|23|10|04|16|039.251|000.896|035.171
0000061119|21|02|23|10|04|16|039.299|000.747|029.393
0000061218|21|02|23|10|04|16|039.267|000.984|038.675
0000061318|21|02|23|10|04|16|039.235|000.970|038.062
0000061418|21|02|23|10|04|16|039.256|001.014|039.827
0000061518|21|02|23|10|04|16|039.118|001.377|053.882
0000061618|21|02|23|10|04|17|039.177|001.236|048.450
0000061718|21|02|23|10|04|17|039.150|001.370|053.636
0000061818|21|02|23|10|04|17|039.134|001.229|048.108
0000061919|21|02|23|10|04|17|039.209|001.125|044.134
0000062018|21|02|23|10|04|17|039.123|001.481|057.946
0000062118|21|02|23|10|04|17|039.097|001.518|059.354
0000062219|21|02|23|10|04|17|038.985|001.836|071.599
0000062318|21|02|23|10|04|17|039.033|001.577|061.569
0000062418|21|02|23|10|04|17|039.060|001.444|056.405
0000062519|21|02|23|10|04|17|038.831|002.473|096.046
0000062618|21|02|23|10|04|18|038.374|004.095|157.150
0000062718|21|02|23|10|04|18|038.459|003.769|144.967
0000062819|21|02|23|10|04|18|038.267|004.428|169.467
0000062918|21|02|23|10|04|18|037.725|006.516|245.849
0000063018|21|02|23|10|04|18|037.231|008.294|308.797
0000063119|21|02|23|10|04|18|037.348|007.901|295.109
0000063218|21|02|23|10|04|18|037.980|005.450|207.010
0000063318|21|02|23|10|04|18|038.613|002.851|110.090
0000063419|21|02|23|10|04|18|039.166|000.970|037.995
0000063518|21|02|23|10|04|18|039.443|000.103|004.089
0000063618|21|02|23|10|04|19|039.650|000.525|020.847
0000063719|21|02|23|10|04|19|039.448|000.118|004.674
0000063818|21|02|23|10|04|19|039.288|000.629|024.730
0000063918|21|02|23|10|04|19|039.262|000.740|029.075
0000064019|21|02|23|10|04|19|039.108|001.510|059.080
0000064118|21|02|23|10|04|19|039.012|001.829|071.359
0000064218|21|02|23|10|04|19|039.028|001.740|067.920
0000064319|21|02|23|10|04|19|038.964|002.043|079.639
0000064418|21|02|23|10|04|19|039.022|001.636|063.864
0000064518|21|02|23|10|04|19|039.017|001.792|069.924
0000064618|21|02|23|10|04|20|038.757|002.540|098.445
0000064718|21|02|23|10|04|20|038.485|003.710|142.787
0000064818|21|02|23|10|04|20|038.469|003.739|143.867
0000064918|21|02|23|10|04|20|038.672|002.895|111.975
0000065018|21|02|23|10|04|20|038.948|002.154|083.933
0000065119|21|02|23|10|04|20|039.054|001.488|058.132
0000065218|21|02|23|10|04|20|039.187|001.021|040.047
0000065318|21|02|23|10|04|20|039.198|001.221|047.896
0000065419|21|02|23|10|04|20|039.102|001.562|061.099
0000065518|21|02|23|10|04|20|039.028|001.799|070.232
0000065618|21|02|23|10|04|21|039.022|001.725|067.332
0000065719|21|02|23|10|04|21|039.033|001.725|067.351
0000065818|21|02|23|10|04|21|038.985|001.799|070.155
0000065918|21|02|23|10|04|21|039.054|001.644|064.206
0000066019|21|02|23|10|04|21|039.065|001.436|056.123
0000066118|21|02|23|10|04|21|039.342|000.385|015.149
0000066218|21|02|23|10|04|21|039.299|000.836|032.886
0000066319|21|02|23|10|04|21|039.209|000.940|036.875
0000066418|21|02|23|10|04|21|039.262|000.829|032.564
0000066518|21|02|23|10|04|21|039.278|000.807|031.705
0000066619|21|02|23|10|04|22|039.139|001.458|057.100
0000066718|21|02|23|10|04|22|039.049|001.370|053.498
0000066818|21|02|23|10|04|22|039.230|001.051|041.253
0000066919|21|02|23|10|04|22|038.746|002.466|095.549
0000067030|21|02|23|10|04|22|038.198|003.184|121.637
0000067131|21|02|23|10|04|22|037.858|005.872|222.324
0000067230|21|02|23|10|04|22|037.528|007.894|296.259
0000067330|21|02|23|10|04|22|036.491|011.019|402.115
0000067431|21|02|23|10|04|22|035.152|015.936|560.200
0000067530|21|02|23|10|04|22|035.657|013.862|494.314
0000067630|21|02|23|10|04|23|036.454|010.871|396.306
0000067731|21|02|23|10|04|23|037.550|006.487|243.593
0000067830|21|02|23|10|04|23|038.586|003.095|119.444
0000067930|21|02|23|10|04|23|039.171|000.696|027.267
0000068031|21|02|23|10|04|23|039.453|000.140|005.551
0000068130|21|02|23|10|04|23|039.682|000.807|032.031
0000068230|21|02|23|10|04|23|039.299|000.592|023.282
0000068330|21|02|23|10|04|23|038.735|002.391|092.654
0000068430|21|02|23|10|04|23|038.900|001.955|076.052
0000068530|21|02|23|10|04|23|036.795|010.101|371.667
0000068630|21|02|23|10|04|24|035.944|013.440|483.122
0000068730|21|02|23|10|04|24|035.726|014.759|527.285
0000068831|21|02|23|10|04|24|036.795|009.486|349.051
0000068930|21|02|23|10|04|24|038.018|004.672|177.651
0000069030|21|02|23|10|04|24|038.661|002.577|099.633
0000069131|21|02|23|10|04|24|039.108|001.081|042.283
0000069230|21|02|23|10|04|24|039.331|000.303|011.941
0000069330|21|02|23|10|04|24|039.379|000.103|004.082
0000069431|21|02|23|10|04|24|039.395|000.051|002.042
0000069530|21|02|23|10|04|24|039.400|000.037|001.458
0000069630|21|02|23|10|04|25|039.432|000.022|000.876
0000069731|21|02|23|10|04|25|039.405|000.081|003.209
0000069830|21|02|23|10|04|25|039.331|000.311|012.233
0000069930|21|02|23|10|04|25|039.379|000.222|008.748
0000070031|21|02|23|10|04|25|039.400|000.207|008.169
0000070130|21|02|23|10|04|25|039.304|000.481|018.919
0000070230|21|02|23|10|04|25|039.166|000.866|033.935
0000070331|21|02|23|10|04|25|039.118|001.192|046.640
0000070430|21|02|23|10|04|25|039.145|001.103|043.193
0000070530|21|02|23|10|04|25|039.193|000.881|034.538
0000070631|21|02|23|10|04|26|039.214|000.814|031.943
0000070730|21|02|23|10|04|26|039.331|000.370|014.563
0000070830|21|02|23|10|04|26|039.432|000.074|002.920
0000070931|21|02|23|10|04|26|039.320|000.548|021.547
0000071030|21|02|23|10|04|26|039.012|001.666|065.003
0000071130|21|02|23|10|04|26|038.528|003.339|128.679
0000071231|21|02|23|10|04|26|038.007|005.657|215.036
0000071330|21|02|23|10|04|26|037.651|004.850|182.628
0000071430|21|02|23|10|04|26|038.273|004.080|156.169
0000071530|21|02|23|10|04|26|039.411|000.022|000.875
0000071630|21|02|23|10|04|27|039.506|000.125|004.973
0000071730|21|02|23|10|04|27|039.400|000.177|007.002
0000071830|21|02|23|10|04|27|038.858|002.340|090.932
0000071930|21|02|23|10|04|27|038.172|004.546|173.566
0000072031|21|02|23|10|04|27|036.619|010.337|378.572
0000072130|21|02|23|10|04|27|036.289|010.945|397.201
0000072230|21|02|23|10|04|27|035.768|013.722|490.829
0000072331|21|02|23|10|04|27|037.502|006.457|242.172
0000072430|21|02|23|10|04|27|037.821|005.983|226.307
0000072530|21|02|23|10|04|27|038.113|004.406|167.937
0000072631|21|02|23|10|04|28|038.555|003.102|119.631
0000072730|21|02|23|10|04|28|038.613|002.888|111.520
0000072830|21|02|23|10|04|28|038.858|001.814|070.501
0000072931|21|02|23|10|04|28|039.139|000.873|034.202
0000073030|21|02|23|10|04|28|039.336|000.244|009.613
0000073130|21|02|23|10|04|28|039.453|000.199|007.888
0000073231|21|02|23|10|04|28|039.517|000.422|016.680
0000073330|21|02|23|10|04|28|039.512|000.296|011.704
0000073430|21|02|23|10|04|28|039.448|000.162|006.426
0000073531|21|02|23|10|04|28|039.432|000.037|001.460
0000073630|21|02|23|10|04|29|039.315|000.333|013.101
0000073730|21|02|23|10|04|29|039.267|000.651|025.589
0000073831|21|02|23|10|04|29|039.081|001.236|048.332
0000073930|21|02|23|10|04|29|038.900|001.814|070.578
0000074030|21|02|23|10|04|29|038.693|002.532|097.996
0000074131|21|02|23|10|04|29|038.018|004.769|181.311
0000074230|21|02|23|10|04|29|037.619|006.961|261.871
0000074330|21|02|23|10|04|29|037.746|006.413|242.074
0000074431|21|02|23|10|04|29|037.954|005.509|209.114
0000074530|21|02|23|10|04|29|037.858|005.813|220.081
0000074630|21|02|23|10|04|30|038.065|004.954|188.587
0000074730|21|02|23|10|04|30|038.172|004.598|175.545
0000074830|21|02|23|10|04|30|038.826|002.221|086.257
0000074930|21|02|23|10|04|30|038.879|002.021|078.601
0000075030|21|02|23|10|04|30|038.964|001.681|065.500
0000075130|21|02|23|10|04|30|039.209|000.659|025.842
0000075231|21|02|23|10|04|30|039.262|000.518|020.352
0000075330|21|02|23|10|04|30|039.299|000.459|018.043
0000075430|21|02|23|10|04|30|039.310|000.459|018.048
0000075531|21|02|23|10|04|30|039.246|000.607|023.832
0000075630|21|02|23|10|04|31|039.272|000.622|024.429
0000075730|21|02|23|10|04|31|039.363|000.229|009.036
0000075831|21|02|23|10|04|31|039.432|000.037|001.460
0000075930|21|02|23|10|04|31|039.416|000.014|000.583
0000076030|21|02|23|10|04|31|039.432|000.059|002.336
0000076131|21|02|23|10|04|31|039.421|000.051|002.043
0000076230|21|02|23|10|04|31|039.416|000.022|000.875
0000076330|21|02|23|10|04|31|039.416|000.118|004.670
0000076431|21|02|23|10|04|31|039.395|000.222|008.752
0000076530|21|02|23|10|04|31|039.203|000.822|032.225
0000076630|21|02|23|10|04|32|039.007|001.458|056.906
0000076731|21|02|23|10|04|32|038.427|003.376|129.764
0000076830|21|02|23|10|04|32|037.582|007.086|266.343
0000076930|21|02|23|10|04|32|037.672|007.220|272.005
0000077031|21|02|23|10|04|32|038.113|005.020|191.364
0000077130|21|02|23|10|04|32|038.278|004.072|155.908
0000077230|21|02|23|10|04|32|038.422|003.391|130.315
0000077331|21|02|23|10|04|32|038.491|003.428|131.975
0000077430|21|02|23|10|04|32|038.363|004.124|158.243
0000077530|21|02|23|10|04|32|038.374|003.502|134.416
0000077631|21|02|23|10|04|33|038.645|002.873|111.040
0000077730|21|02|23|10|04|33|038.693|002.702|104.587
0000077830|21|02|23|10|04|33|038.858|001.910|074.242
0000077930|21|02|23|10|04|33|039.113|000.977|038.233
0000078030|21|02|23|10|04|33|039.267|000.414|016.284
0000078130|21|02|23|10|04|33|039.411|000.029|001.167
0000078230|21|02|23|10|04|33|039.506|000.348|013.750
0000078330|21|02|23|10|04|33|039.560|000.466|018.456
0000078431|21|02|23|10|04|33|039.448|000.192|007.595
0000078530|21|02|23|10|04|33|039.352|000.281|011.074
0000078630|21|02|23|10|04|34|039.256|000.703|027.617
0000078731|21|02|23|10|04|34|039.134|001.014|039.703
0000078830|21|02|23|10|04|34|038.820|002.080|080.783
0000078930|21|02|23|10|04|34|038.193|005.087|194.310
0000079031|21|02|23|10|04|34|036.433|010.989|400.391
0000079130|21|02|23|10|04|34|037.438|006.620|247.859
0000079230|21|02|23|10|04|34|039.246|000.422|016.566
0000079331|21|02|23|10|04|34|039.363|000.118|004.664
0000079430|21|02|23|10|04|34|039.421|000.022|000.875
0000079530|21|02|23|10|04|34|039.134|001.029|040.283
0000079631|21|02|23|10|04|35|038.533|003.391|130.694
0000079735|21|02|23|10|04|35|037.433|005.635|210.955
0000079834|21|02|23|10|04|35|039.097|001.014|039.666
0000079935|21|02|23|10|04|35|039.427|000.081|003.211
0000080034|21|02|23|10|04|35|039.187|000.718|028.149
0000080134|21|02|23|10|04|35|037.932|005.642|214.053
0000080258|21|02|23|10|04|35|034.896|017.217|600.840
0000080358|21|02|23|10|04|35|038.321|003.354|128.554
0000080457|21|02|23|10|04|35|038.959|001.540|060.009
0000080557|21|02|23|10|04|36|038.539|003.132|120.723
0000080658|21|02|23|10|04|36|037.677|006.775|255.303
0000080757|21|02|23|10|04|36|035.726|014.462|516.702
0000080857|21|02|23|10|04|36|037.193|007.516|279.568
0000080958|21|02|23|10|04|36|039.416|000.185|007.297
0000081057|21|02|23|10|04|36|039.283|000.399|015.709
0000081157|21|02|23|10|04|36|038.496|003.080|118.594
0000081258|21|02|23|10|04|36|035.492|014.225|504.908
0000081358|21|02|23|10|04|36|036.119|011.285|407.643
0000081458|21|02|23|10|04|36|039.416|000.348|013.719
0000081559|21|02|23|10|04|37|038.656|002.258|087.310
0000081659|21|02|23|10|04|37|038.182|004.650|177.573
0000081760|21|02|23|10|04|37|038.464|003.450|132.738
0000081859|21|02|23|10|04|37|039.171|000.629|024.657
0000081959|21|02|23|10|04|37|039.331|000.207|008.155
0000082060|21|02|23|10|04|37|039.320|000.088|003.494
0000082159|21|02|23|10|04|37|039.214|000.747|029.330
0000082259|21|02|23|10|04|37|038.273|003.954|151.351
0000082360|21|02|23|10|04|37|037.321|008.479|316.456
0000082459|21|02|23|10|04|37|037.411|007.057|264.029
0000082559|21|02|23|10|04|38|038.895|001.510|058.759
0000082667|21|02|23|10|04|38|038.815|002.080|080.772
0000082766|21|02|23|10|04|38|038.656|002.584|099.906
0000082866|21|02|23|10|04|38|038.714|002.229|086.296
0000082966|21|02|23|10|04|38|038.544|002.851|109.893
0000083066|21|02|23|10|04|38|038.804|001.969|076.439
0000083167|21|02|23|10|04|38|039.001|001.392|054.298
0000083266|21|02|23|10|04|38|039.060|001.214|047.438
0000083366|21|02|23|10|04|38|039.076|001.081|042.248
0000083467|21|02|23|10|04|38|038.969|001.532|059.737
0000083566|21|02|23|10|04|39|038.890|001.532|059.615
0000083666|21|02|23|10|04|39|038.789|002.243|087.036
0000083767|21|02|23|10|04|39|038.544|003.080|118.742
0000083866|21|02|23|10|04|39|038.347|003.976|152.497
0000083966|21|02|23|10|04|39|038.469|003.288|126.489
0000084067|21|02|23|10|04|39|038.406|003.524|135.381
0000084166|21|02|23|10|04|39|038.267|004.235|162.099
0000084266|21|02|23|10|04|39|038.124|004.302|164.032
0000084367|21|02|23|10|04|39|038.432|003.458|132.913
0000084466|21|02|23|10|04|39|038.560|002.732|105.370
0000084566|21|02|23|10|04|40|038.491|002.954|113.732
0000084667|21|02|23|10|04|40|038.485|003.199|123.122
0000084766|21|02|23|10|04|40|038.528|003.199|123.258
0000084866|21|02|23|10|04|40|038.555|003.080|118.775
0000084967|21|02|23|10|04|40|038.656|002.651|102.482
0000085066|21|02|23|10|04|40|038.794|001.903|073.833
0000085166|21|02|23|10|04|40|039.001|001.170|045.634
0000085267|21|02|23|10|04|40|039.060|000.918|035.867
0000085366|21|02|23|10|04|40|039.076|000.999|039.065
0000085466|21|02|23|10|04|40|039.182|000.703|027.565
0000085567|21|02|23|10|04|41|039.310|000.340|013.390
0000085666|21|02|23|10|04|41|039.395|000.140|005.543
0000085766|21|02|23|10|04|41|039.395|000.059|002.333
0000085866|21|02|23|10|04|41|039.443|000.311|012.267
0000085966|21|02|23|10|04|41|039.453|000.259|010.225
0000086066|21|02|23|10|04|41|039.389|000.059|002.333
0000086166|21|02|23|10|04|41|039.331|000.148|005.825
0000086266|21|02|23|10|04|41|039.118|000.992|038.818
0000086367|21|02|23|10|04|41|038.996|001.014|039.563
0000086466|21|02|23|10|04|41|038.836|001.955|075.927
0000086566|21|02|23|10|04|42|039.007|001.347|052.573
0000086667|21|02|23|10|04|42|038.964|001.525|059.441
0000086766|21|02|23|10|04|42|039.033|001.340|052.319
0000086866|21|02|23|10|04|42|039.054|001.096|042.804
0000086967|21|02|23|10|04|42|039.012|001.184|046.224
0000087066|21|02|23|10|04|42|039.028|001.192|046.532
0000087166|21|02|23|10|04|42|038.985|001.384|053.988
0000087267|21|02|23|10|04|42|038.533|003.147|121.277
0000087366|21|02|23|10|04|42|037.656|006.205|233.686
0000087466|21|02|23|10|04|42|036.699|010.463|384.017
0000087567|21|02|23|10|04|43|037.204|007.583|282.127
0000087666|21|02|23|10|04|43|037.906|005.339|202.394
0000087766|21|02|23|10|04|43|037.704|005.761|217.230
0000087867|21|02|23|10|04|43|037.417|006.598|246.887
0000087966|21|02|23|10|04|43|037.305|007.531|280.959
0000088066|21|02|23|10|04|43|037.528|006.583|247.068
0000088167|21|02|23|10|04|43|037.991|004.983|189.343
0000088266|21|02|23|10|04|43|038.571|002.636|101.686
0000088366|21|02|23|10|04|43|039.209|000.303|011.904
0000088467|21|02|23|10|04|43|039.458|000.518|020.454
0000088566|21|02|23|10|04|44|039.490|000.496|019.593
0000088666|21|02|23|10|04|44|039.453|000.362|014.316
0000088767|21|02|23|10|04|44|039.331|000.096|003.786
0000088866|21|02|23|10|04|44|038.820|001.747|067.846
0000088966|21|02|23|10|04|44|038.103|005.006|190.746
0000089066|21|02|23|10|04|44|037.566|007.012|263.448
0000089166|21|02|23|10|04|44|037.922|004.665|176.923
0000089266|21|02|23|10|04|44|038.975|001.318|051.375
0000089366|21|02|23|10|04|44|039.161|000.540|021.170
0000089466|21|02|23|10|04|44|039.187|000.444|017.412
0000089567|21|02|23|10|04|45|039.060|001.066|041.653
0000089666|21|02|23|10|04|45|039.022|001.421|055.484
0000089766|21|02|23|10|04|45|038.762|002.229|086.402
0000089867|21|02|23|10|04|45|038.342|004.250|162.982
0000089966|21|02|23|10|04|45|038.220|004.050|154.820
0000090066|21|02|23|10|04|45|038.443|003.139|120.708
0000090167|21|02|23|10|04|45|037.932|005.665|214.896
0000090266|21|02|23|10|04|45|037.119|008.945|332.061
0000090366|21|02|23|10|04|45|036.476|010.789|393.565
0000090467|21|02|23|10|04|45|036.188|011.589|419.411
0000090566|21|02|23|10|04|46|035.534|014.011|497.881
0000090666|21|02|23|10|04|46|035.965|011.974|430.672
0000090767|21|02|23|10|04|46|036.720|009.434|346.441
0000090866|21|02|23|10|04|46|036.741|009.545|350.723
0000090966|21|02|23|10|04|46|036.975|008.427|311.609
0000091067|21|02|23|10|04|46|037.847|005.065|191.711
0000091166|21|02|23|10|04|46|038.719|001.984|076.845
0000091266|21|02|23|10|04|46|039.166|000.281|011.021
0000091367|21|02|23|10|04|46|039.299|000.022|000.873
0000091466|21|02|23|10|04|46|039.267|000.088|003.489
0000091566|21|02|23|10|04|47|039.448|000.644|025.415
0000091667|21|02|23|10|04|47|039.108|000.814|031.857
0000091766|21|02|23|10|04|47|039.177|000.459|017.987
0000091866|21|02|23|10|04|47|039.076|000.703|027.490
0000091967|21|02|23|10|04|47|038.342|003.517|134.872
0000092066|21|02|23|10|04|47|037.863|005.820|220.392
0000092166|21|02|23|10|04|47|037.183|008.094|300.966
0000092266|21|02|23|10|04|47|036.880|009.012|332.378
0000092366|21|02|23|10|04|47|036.667|009.515|348.926
0000092466|21|02|23|10|04|47|038.124|004.184|159.514
0000092566|21|02|23|10|04|48|038.725|002.132|082.591
0000092666|21|02|23|10|04|48|038.783|002.095|081.280
0000092767|21|02|23|10|04|48|038.773|001.236|047.950
0000092866|21|02|23|10|04|48|038.831|001.681|065.277
0000092966|21|02|23|10|04|48|038.719|002.103|081.433
0000093067|21|02|23|10|04|48|038.523|003.021|116.394
0000093166|21|02|23|10|04|48|038.379|003.117|119.655
0000093266|21|02|23|10|04|48|038.044|004.702|178.902
0000093368|21|02|23|10|04|48|037.470|006.220|233.086
0000093466|21|02|23|10|04|48|037.566|006.672|250.651
0000093566|21|02|23|10|04|49|037.948|005.080|192.785
0000093667|21|02|23|10|04|49|038.150|004.080|155.670
0000093766|21|02|23|10|04|49|038.209|003.776|144.308
0000093866|21|02|23|10|04|49|038.150|003.850|146.912
0000093967|21|02|23|10|04|49|038.044|004.384|166.788
0000094066|21|02|23|10|04|49|038.044|004.524|172.141
0000094166|21|02|23|10|04|49|038.065|004.598|175.056
0000094267|21|02|23|10|04|49|038.039|004.502|171.271
0000094366|21|02|23|10|04|49|038.331|003.717|142.499
0000094466|21|02|23|10|04|49|038.358|003.362|128.963
0000094567|21|02|23|10|04|50|038.347|003.273|125.519
0000094666|21|02|23|10|04|50|038.400|003.288|126.262
0000094766|21|02|23|10|04|50|038.358|003.421|131.235
0000094867|21|02|23|10|04|50|038.645|002.236|086.428
0000094966|21|02|23|10|04|50|038.921|001.399|054.476
0000095066|21|02|23|10|04|50|039.246|000.000|000.000
0000095167|21|02|23|10|04|50|039.437|000.703|027.745
0000095266|21|02|23|10|04|50|039.437|000.636|025.116
0000095366|21|02|23|10|04|50|039.427|000.555|021.898
0000095466|21|02|23|10|04|50|039.368|000.303|011.953
0000095566|21|02|23|10|04|51|039.352|000.162|006.411
0000095666|21|02|23|10|04|51|039.214|000.170|006.679
0000095766|21|02|23|10|04|51|038.975|001.118|043.582
0000095866|21|02|23|10|04|51|038.820|001.688|065.546
0000095967|21|02|23|10|04|51|038.842|001.681|065.295
0000096066|21|02|23|10|04|51|038.815|001.569|060.938
0000096166|21|02|23|10|04|51|038.810|001.740|067.540
0000096267|21|02|23|10|04|51|038.778|001.806|070.069
0000096366|21|02|23|10|04|51|039.113|000.844|033.020
0000096466|21|02|23|10|04|51|038.980|001.147|044.743
0000096567|21|02|23|10|04|52|038.682|002.369|091.667
0000096666|21|02|23|10|04|52|038.150|004.443|169.514
0000096766|21|02|23|10|04|52|037.236|007.805|290.642
0000096867|21|02|23|10|04|52|036.917|008.886|328.066
0000096966|21|02|23|10|04|52|036.943|008.405|310.519
0000097066|21|02|23|10|04|52|037.220|007.568|281.697
0000097167|21|02|23|10|04|52|037.220|007.738|288.036
0000097266|21|02|23|10|04|52|036.683|009.530|349.621
0000097366|21|02|23|10|04|52|036.997|008.375|309.870
0000097467|21|02|23|10|04|52|037.709|005.672|213.910
0000097566|21|02|23|10|04|53|038.150|003.924|149.737
0000097668|21|02|23|10|04|53|038.469|002.895|111.390
0000097769|21|02|23|10|04|53|038.815|001.540|059.788
0000097868|21|02|23|10|04|53|039.092|000.518|020.264
0000097968|21|02|23|10|04|53|039.310|000.051|002.037
0000098069|21|02|23|10|04|53|039.421|000.644|025.398
0000098169|21|02|23|10|04|53|039.469|000.925|036.536
0000098269|21|02|23|10|04|53|039.506|000.814|032.182
0000098369|21|02|23|10|04|53|039.421|000.481|018.975
0000098469|21|02|23|10|04|53|039.368|000.370|014.577
0000098570|21|02|23|10|04|54|039.320|000.044|001.747
0000098669|21|02|23|10|04|54|039.230|000.236|009.296
0000098769|21|02|23|10|04|54|039.123|000.614|024.047
0000098870|21|02|23|10|04|54|039.038|000.873|034.113
0000098969|21|02|23|10|04|54|038.980|001.110|043.300
0000099069|21|02|23|10|04|54|038.921|001.310|051.017
0000099170|21|02|23|10|04|54|039.065|000.896|035.004
0000099269|21|02|23|10|04|54|038.842|001.836|071.335
0000099369|21|02|23|10|04|54|038.586|002.732|105.442
0000099470|21|02|23|10|04|54|038.337|003.539|135.705
0000099569|21|02|23|10|04|55|038.368|003.332|127.862
0000099669|21|02|23|10|04|55|038.119|004.576|174.453
0000099770|21|02|23|10|04|55|037.858|005.428|205.502
0000099883|21|02|23|10|04|55|036.981|008.271|305.903
0000099984|21|02|23|10|04|55|036.922|008.701|321.278
0000100083|21|02|23|10|04|55|037.449|006.909|258.745
0000100183|21|02|23|10|04|55|037.443|006.894|258.154
0000100284|21|02|23|10|04|55|037.119|007.657|284.231
0000100383|21|02|23|10|04|55|036.821|009.138|336.487
0000100483|21|02|23|10|04|55|036.725|009.286|341.052
0000100584|21|02|23|10|04|56|037.135|007.605|282.428
0000100683|21|02|23|10|04|56|037.714|005.405|203.885
0000100783|21|02|23|10|04|56|038.645|002.169|083.852
0000100884|21|02|23|10|04|56|039.123|000.340|013.327
0000100983|21|02|23|10|04|56|039.193|000.251|009.868
0000101083|21|02|23|10|04|56|039.310|000.236|009.315
0000101184|21|02|23|10|04|56|039.283|000.103|004.072
0000101284|21|02|23|10|04|56|039.134|000.377|014.780
0000101384|21|02|23|10|04|56|039.166|000.222|008.701
0000101484|21|02|23|10|04|56|039.054|000.933|036.441
0000101584|21|02|23|10|04|57|038.645|002.236|086.428
0000101685|21|02|23|10|04|57|038.379|003.058|117.381
0000101784|21|02|23|10|04|57|038.374|003.102|119.070
0000101884|21|02|23|10|04|57|038.831|001.577|061.251
0000101985|21|02|23|10|04|57|038.916|001.221|047.552
0000102084|21|02|23|10|04|57|039.001|000.844|032.925
0000102184|21|02|23|10|04|57|039.012|000.747|029.179
0000102285|21|02|23|10|04|57|039.113|000.548|021.434
0000102384|21|02|23|10|04|57|039.102|000.644|025.192
0000102484|21|02|23|10|04|57|039.129|000.614|024.050
0000102585|21|02|23|10|04|58|038.991|001.110|043.311
0000102684|21|02|23|10|04|58|038.469|002.991|115.094
0000102784|21|02|23|10|04|58|037.364|007.568|282.783
0000102885|21|02|23|10|04|58|036.773|008.960|329.514
0000102984|21|02|23|10|04|58|037.656|005.613|211.377
0000103084|21|02|23|10|04|58|038.028|004.650|176.856
0000103185|21|02|23|10|04|58|038.321|003.132|120.040
0000103284|21|02|23|10|04|58|038.400|003.080|118.299
0000103384|21|02|23|10|04|58|037.991|004.828|183.435
0000103485|21|02|23|10|04|58|037.980|004.746|180.290
0000103584|21|02|23|10|04|59|038.108|004.309|164.245
0000103684|21|02|23|10|04|59|038.039|004.235|161.130
0000103785|21|02|23|10|04|59|037.879|004.983|188.787
0000103884|21|02|23|10|04|59|037.762|005.568|210.296
0000103984|21|02|23|10|04|59|038.018|004.480|170.331
0000104085|21|02|23|10|04|59|037.964|004.924|186.962
0000104185|21|02|23|10|04|59|037.773|005.620|212.313
0000104285|21|02|23|10|04|59|037.794|005.124|193.681
0000104385|21|02|23|10|04|59|038.081|004.021|153.132
0000104485|21|02|23|10|04|59|038.033|004.228|160.826
0000104586|21|02|23|10|05|00|038.182|003.584|136.856
0000104685|21|02|23|10|05|00|038.608|002.266|087.488
0000104785|21|02|23|10|05|00|039.065|000.585|022.854
0000104886|21|02|23|10|05|00|039.411|000.622|024.515
0000104985|21|02|23|10|05|00|039.581|001.081|042.795
0000105085|21|02|23|10|05|00|039.496|000.866|034.220
0000105186|21|02|23|10|05|00|039.373|000.607|023.909
0000105285|21|02|23|10|05|00|039.363|000.399|015.741
0000105385|21|02|23|10|05|00|039.379|000.392|015.455
0000105486|21|02|23|10|05|00|039.256|000.014|000.581
0000105585|21|02|23|10|05|01|039.182|000.251|009.865
0000105685|21|02|23|10|05|01|039.102|000.555|021.717
0000105786|21|02|23|10|05|01|039.108|000.688|026.933
0000105885|21|02|23|10|05|01|039.070|000.725|028.354
0000105985|21|02|23|10|05|01|039.065|000.792|030.954
0000106086|21|02|23|10|05|01|039.092|000.770|030.107
0000106185|21|02|23|10|05|01|039.086|000.666|026.050
0000106285|21|02|23|10|05|01|039.076|000.577|022.571
0000106386|21|02|23|10|05|01|039.097|000.659|025.768
0000106485|21|02|23|10|05|01|039.113|000.540|021.144
0000106585|21|02|23|10|05|02|039.081|000.636|024.889
0000106686|21|02|23|10|05|02|039.092|000.599|023.449
0000106785|21|02|23|10|05|02|039.081|000.622|024.310
0000106885|21|02|23|10|05|02|039.113|000.673|026.358
0000106986|21|02|23|10|05|02|039.108|000.666|026.065
0000107086|21|02|23|10|05|02|039.049|000.718|028.050
0000107186|21|02|23|10|05|02|038.927|001.170|045.547
0000107286|21|02|23|10|05|02|038.804|001.606|062.358
0000107386|21|02|23|10|05|02|038.698|001.984|076.803
0000107487|21|02|23|10|05|02|038.735|001.799|069.705
0000107586|21|02|23|10|05|03|038.656|002.006|077.577
0000107686|21|02|23|10|05|03|038.544|002.628|101.330
0000107787|21|02|23|10|05|03|038.602|002.021|078.042
0000107886|21|02|23|10|05|03|038.544|002.747|105.897
0000107986|21|02|23|10|05|03|038.321|003.221|123.446
0000108087|21|02|23|10|05|03|038.432|002.902|111.567
0000108186|21|02|23|10|05|03|038.204|004.080|155.887
0000108286|21|02|23|10|05|03|037.906|004.724|179.094
0000108387|21|02|23|10|05|03|038.119|003.917|149.330
0000108486|21|02|23|10|05|03|038.246|003.880|148.414
0000108586|21|02|23|10|05|04|038.065|004.117|156.733
0000108687|21|02|23|10|05|04|038.065|004.606|175.338
0000108786|21|02|23|10|05|04|037.874|004.820|182.590
0000108886|21|02|23|10|05|04|038.028|004.398|167.281
0000108987|21|02|23|10|05|04|038.209|004.043|154.494
0000109086|21|02|23|10|05|04|038.363|003.169|121.594
0000109186|21|02|23|10|05|04|038.698|001.940|075.083
0000109287|21|02|23|10|05|04|039.017|000.777|030.338
0000109386|21|02|23|10|05|04|039.150|000.244|009.567
0000109486|21|02|23|10|05|04|039.331|000.340|013.398
0000109587|21|02|23|10|05|05|039.480|000.947|037.423
0000109686|21|02|23|10|05|05|039.474|000.866|034.202
0000109786|21|02|23|10|05|05|039.336|000.325|012.817
0000109887|21|02|23|10|05|05|039.225|000.118|004.647
0000109986|21|02|23|10|05|05|038.831|001.784|069.303
0000110086|21|02|23|10|05|05|038.703|001.932|074.807
0000110186|21|02|23|10|05|05|038.214|003.806|145.460
0000110286|21|02|23|10|05|05|038.501|003.110|119.751
0000110386|21|02|23|10|05|05|038.438|003.036|116.706
0000110486|21|02|23|10|05|05|038.741|001.658|064.264
0000110586|21|02|23|10|05|06|038.863|001.562|060.725
0000110687|21|02|23|10|05|06|038.826|001.584|061.530
0000110786|21|02|23|10|05|06|038.820|001.555|060.371
0000110886|21|02|23|10|05|06|038.921|001.377|053.611
0000110987|21|02|23|10|05|06|038.895|001.458|056.743
0000111086|21|02|23|10|05|06|038.789|001.806|070.088
0000111186|21|02|23|10|05|06|038.656|002.495|096.471
0000111287|21|02|23|10|05|06|038.464|003.043|117.072
0000111386|21|02|23|10|05|06|038.097|004.184|159.403
0000111486|21|02|23|10|05|06|037.741|005.213|196.762
0000111587|21|02|23|10|05|07|037.800|005.598|211.623
0000111686|21|02|23|10|05|07|037.800|005.065|191.468
0000111786|21|02|23|10|05|07|037.427|007.072|264.696
0000111887|21|02|23|10|05|07|036.997|008.131|300.829
0000111986|21|02|23|10|05|07|037.316|007.079|264.183
0000112086|21|02|23|10|05|07|036.933|008.368|309.063
0000112187|21|02|23|10|05|07|037.029|008.020|296.975
0000112286|21|02|23|10|05|07|036.912|008.471|312.711
0000112386|21|02|23|10|05|07|037.406|006.798|254.296
0000112487|21|02|23|10|05|07|038.454|002.702|103.940
0000112586|21|02|23|10|05|08|038.980|000.792|030.887
0000112686|21|02|23|10|05|08|039.193|000.103|004.063
0000112787|21|02|23|10|05|08|039.304|000.355|013.971
0000112886|21|02|23|10|05|08|039.315|000.333|013.101
0000112986|21|02|23|10|05|08|039.326|000.274|010.775
0000113087|21|02|23|10|05|08|039.230|000.022|000.871
0000113186|21|02|23|10|05|08|038.959|001.155|045.007
0000113286|21|02|23|10|05|08|038.209|003.710|141.761
0000113386|21|02|23|10|05|08|038.656|002.192|084.734
0000113486|21|02|23|10|05|08|038.406|002.984|114.618
0000113586|21|02|23|10|05|09|037.374|007.479|279.543
0000113686|21|02|23|10|05|09|034.949|016.388|572.768
0000113786|21|02|23|10|05|09|035.508|012.485|443.340
0000113887|21|02|23|10|05|09|036.215|010.715|388.072
0000113986|21|02|23|10|05|09|037.252|006.938|258.489
0000114086|21|02|23|10|05|09|037.773|005.257|198.607
0000114187|21|02|23|10|05|09|038.230|003.599|137.593
0000114286|21|02|23|10|05|09|038.358|002.880|110.499
0000114386|21|02|23|10|05|09|038.448|002.599|099.939
0000114487|21|02|23|10|05|09|038.586|002.058|079.439
0000114586|21|02|23|10|05|10|038.735|001.740|067.411
0000114686|21|02|23|10|05|10|038.773|001.458|056.564
0000114787|21|02|23|10|05|10|038.858|001.340|052.084
0000114886|21|02|23|10|05|10|038.863|001.303|050.652
0000114986|21|02|23|10|05|10|038.932|000.999|038.922
0000115087|21|02|23|10|05|10|039.113|000.385|015.061
0000115186|21|02|23|10|05|10|039.129|000.348|013.619
0000115286|21|02|23|10|05|10|039.155|000.288|011.308
0000115387|21|02|23|10|05|10|039.171|000.051|002.030
0000115486|21|02|23|10|05|10|039.262|000.081|003.198
0000115586|21|02|23|10|05|11|039.278|000.236|009.307
0000115687|21|02|23|10|05|11|039.336|000.333|013.108
0000115786|21|02|23|10|05|11|039.320|000.274|010.773
0000115886|21|02|23|10|05|11|039.187|000.133|005.223
0000115987|21|02|23|10|05|11|038.975|001.125|043.871
0000116086|21|02|23|10|05|11|038.868|001.451|056.416
0000116186|21|02|23|10|05|11|038.384|003.036|116.545
0000116287|21|02|23|10|05|11|037.725|005.798|218.749
0000116386|21|02|23|10|05|11|037.172|008.967|333.362
0000116486|21|02|23|10|05|11|035.455|013.077|463.681
0000116586|21|02|23|10|05|12|036.151|011.085|400.775
0000116686|21|02|23|10|05|12|036.454|010.145|369.849
0000116786|21|02|23|10|05|12|036.316|010.589|384.583
0000116886|21|02|23|10|05|12|036.252|011.071|401.358
0000116986|21|02|23|10|05|12|036.029|011.641|419.430
0000117087|21|02|23|10|05|12|036.130|010.856|392.244
0000117186|21|02|23|10|05|12|036.959|008.034|296.968
0000117286|21|02|23|10|05|12|037.906|004.569|173.199
0000117387|21|02|23|10|05|12|038.645|001.732|066.967
0000117486|21|02|23|10|05|12|039.007|000.592|023.109
0000117586|21|02|23|10|05|13|039.219|000.155|006.099
0000117687|21|02|23|10|05|13|039.352|000.681|026.810
0000117786|21|02|23|10|05|13|039.400|000.792|031.220
0000117886|21|02|23|10|05|13|039.357|000.666|026.231
0000117987|21|02|23|10|05|13|039.161|000.037|001.450
0000118086|21|02|23|10|05|13|038.953|001.044|040.674
0000118186|21|02|23|10|05|13|038.555|002.554|098.503
0000118287|21|02|23|10|05|13|037.172|007.783|289.318
0000118386|21|02|23|10|05|13|037.018|007.805|288.940
0000118486|21|02|23|10|05|13|037.385|006.324|236.433
0000118587|21|02|23|10|05|14|038.576|002.110|081.417
0000118690|21|02|23|10|05|14|038.778|001.362|052.839
0000118790|21|02|23|10|05|14|038.523|001.955|075.314
0000118890|21|02|23|10|05|14|038.549|002.554|098.489
0000118990|21|02|23|10|05|14|039.028|000.644|025.144
0000119090|21|02|23|10|05|14|039.070|000.451|017.649
0000119190|21|02|23|10|05|14|039.017|000.570|022.248
0000119290|21|02|23|10|05|14|039.092|000.348|013.606
0000119391|21|02|23|10|05|14|039.155|000.118|004.639
0000119490|21|02|23|10|05|14|039.177|000.155|006.092
0000119590|21|02|23|10|05|15|039.182|000.148|005.803
0000119691|21|02|23|10|05|15|039.166|000.133|005.220
0000119790|21|02|23|10|05|15|039.171|000.103|004.061
0000119890|21|02|23|10|05|15|039.187|000.066|002.611
0000119991|21|02|23|10|05|15|039.171|000.177|006.962
0000120090|21|02|23|10|05|15|039.155|000.111|004.349
0000120190|21|02|23|10|05|15|039.182|000.103|004.062
0000120291|21|02|23|10|05|15|039.171|000.155|006.091
0000120390|21|02|23|10|05|15|039.118|000.236|009.270
0000120490|21|02|23|10|05|15|039.123|000.348|013.617
0000120591|21|02|23|10|05|16|039.076|000.444|017.362
0000120690|21|02|23|10|05|16|039.113|000.340|013.323
0000120790|21|02|23|10|05|16|039.129|000.222|008.693
0000120891|21|02|23|10|05|16|039.161|000.192|007.540
0000120990|21|02|23|10|05|16|039.187|000.162|006.384
0000121090|21|02|23|10|05|16|039.198|000.133|005.225
0000121191|21|02|23|10|05|16|039.187|000.088|003.482
0000121290|21|02|23|10|05|16|039.171|000.155|006.091
0000121390|21|02|23|10|05|16|039.166|000.148|005.800
0000121491|21|02|23|10|05|16|039.193|000.118|004.643
0000121590|21|02|23|10|05|17|039.187|000.192|007.545
0000121690|21|02|23|10|05|17|039.097|000.503|019.688
0000121791|21|02|23|10|05|17|039.113|000.318|012.455
0000121890|21|02|23|10|05|17|038.916|001.229|047.840
0000121990|21|02|23|10|05|17|038.549|002.058|079.362
0000122090|21|02|23|10|05|17|038.672|002.169|083.910
0000122190|21|02|23|10|05|17|038.751|001.829|070.882
0000122290|21|02|23|10|05|17|039.161|000.236|009.280
0000122390|21|02|23|10|05|17|039.214|000.148|005.807
0000122490|21|02|23|10|05|17|039.182|000.081|003.191
0000122591|21|02|23|10|05|18|039.198|000.081|003.193
0000122690|21|02|23|10|05|18|039.230|000.125|004.938
0000122790|21|02|23|10|05|18|039.187|000.118|004.643
0000122891|21|02|23|10|05|18|039.219|000.096|003.775
0000122990|21|02|23|10|05|18|039.219|000.096|003.775
0000123090|21|02|23|10|05|18|039.193|000.096|003.773
0000123191|21|02|23|10|05|18|039.214|000.096|003.775
0000123290|21|02|23|10|05|18|039.225|000.088|003.485
0000123390|21|02|23|10|05|18|039.203|000.096|003.774
0000123491|21|02|23|10|05|18|039.214|000.059|002.323
0000123590|21|02|23|10|05|19|039.203|000.074|002.903
0000123690|21|02|23|10|05|19|039.198|000.051|002.031
0000123791|21|02|23|10|05|19|039.187|000.059|002.321
0000123890|21|02|23|10|05|19|039.209|000.074|002.903
0000123990|21|02|23|10|05|19|039.209|000.096|003.774
0000124091|21|02|23|10|05|19|039.225|000.074|002.904
0000124190|21|02|23|10|05|19|039.240|000.074|002.905
0000124290|21|02|23|10|05|19|039.240|000.074|002.905
0000124391|21|02|23|10|05|19|039.225|000.022|000.871
0000124490|21|02|23|10|05|19|039.214|000.074|002.903
0000124590|21|02|23|10|05|20|039.230|000.066|002.614
0000124691|21|02|23|10|05|20|039.256|000.111|004.360
0000124790|21|02|23|10|05|20|039.219|000.111|004.356
0000124890|21|02|23|10|05|20|039.219|000.074|002.904
0000124991|21|02|23|10|05|20|039.219|000.051|002.033
0000125090|21|02|23|10|05|20|039.240|000.066|002.615
0000125190|21|02|23|10|05|20|039.235|000.111|004.358
0000125290|21|02|23|10|05|20|039.219|000.066|002.613
0000125390|21|02|23|10|05|20|039.219|000.051|002.033
0000125490|21|02|23|10|05|20|039.230|000.111|004.357
0000125590|21|02|23|10|05|21|039.240|000.066|002.615
0000125690|21|02|23|10|05|21|039.225|000.074|002.904
0000125791|21|02|23|10|05|21|039.230|000.066|002.614
0000125890|21|02|23|10|05|21|039.246|000.111|004.359
0000125990|21|02|23|10|05|21|039.209|000.051|002.032
0000126091|21|02|23|10|05|21|039.262|000.081|003.198
0000126190|21|02|23|10|05|21|039.230|000.081|003.195
0000126290|21|02|23|10|05|21|039.235|000.074|002.905
0000126391|21|02|23|10|05|21|039.251|000.059|002.325
0000126490|21|02|23|10|05|21|039.230|000.007|000.290
0000126590|21|02|23|10|05|22|039.251|000.044|001.744
0000126691|21|02|23|10|05|22|039.230|000.044|001.743
0000126790|21|02|23|10|05|22|039.246|000.103|004.068
0000126890|21|02|23|10|05|22|039.246|000.081|003.196
0000126991|21|02|23|10|05|22|039.225|000.014|000.580
0000127090|21|02|23|10|05|22|039.256|000.014|000.581
0000127190|21|02|23|10|05|22|039.230|000.103|004.067
0000127291|21|02|23|10|05|22|039.235|000.074|002.905
0000127390|21|02|23|10|05|22|039.256|000.044|001.744
0000127490|21|02|23|10|05|22|039.246|000.044|001.743
0000127591|21|02|23|10|05|23|039.251|000.029|001.162
0000127690|21|02|23|10|05|23|039.251|000.059|002.325
0000127790|21|02|23|10|05|23|039.251|000.051|002.034
0000127891|21|02|23|10|05|23|039.283|000.066|002.618
0000127990|21|02|23|10|05|23|039.283|000.022|000.872
0000128090|21|02|23|10|05|23|039.294|000.037|001.454
0000128191|21|02|23|10|05|23|039.310|000.051|002.037
0000128290|21|02|23|10|05|23|039.299|000.044|001.746
0000128390|21|02|23|10|05|23|039.315|000.059|002.329
0000128490|21|02|23|10|05|23|039.304|000.022|000.873
0000128590|21|02|23|10|05|24|039.326|000.059|002.329
0000128690|21|02|23|10|05|24|039.326|000.022|000.873
0000128790|21|02|23|10|05|24|039.304|000.066|002.619
0000128890|21|02|23|10|05|24|039.304|000.059|002.328
0000128991|21|02|23|10|05|24|039.336|000.096|003.786
0000129090|21|02|23|10|05|24|039.283|000.074|002.909
0000129190|21|02|23|10|05|24|039.294|000.022|000.872
0000129291|21|02|23|10|05|24|039.299|000.074|002.910
0000129390|21|02|23|10|05|24|039.315|000.022|000.873
0000129490|21|02|23|10|05|24|039.315|000.059|002.329
0000129591|21|02|23|10|05|25|039.304|000.022|000.873
0000129690|21|02|23|10|05|25|039.304|000.007|000.291
0000129790|21|02|23|10|05|25|039.310|000.103|004.075
0000129891|21|02|23|10|05|25|039.331|000.051|002.038
0000129990|21|02|23|10|05|25|039.315|000.022|000.873
0000130090|21|02|23|10|05|25|039.315|000.096|003.784
0000130191|21|02|23|10|05|25|039.320|000.051|002.038
0000130290|21|02|23|10|05|25|039.310|000.044|001.746
0000130390|21|02|23|10|05|25|039.331|000.096|003.786
0000130491|21|02|23|10|05|25|039.304|000.081|003.201
0000130590|21|02|23|10|05|26|039.331|000.022|000.873
0000130690|21|02|23|10|05|26|039.331|000.059|002.330
0000130791|21|02|23|10|05|26|039.342|000.059|002.330
0000130890|21|02|23|10|05|26|039.336|000.051|002.039
0000130990|21|02|23|10|05|26|039.320|000.022|000.873
0000131091|21|02|23|10|05|26|039.326|000.074|002.912
0000131190|21|02|23|10|05|26|039.336|000.066|002.621
0000131290|21|02|23|10|05|26|039.299|000.051|002.037
0000131391|21|02|23|10|05|26|039.342|000.044|001.748
0000131490|21|02|23|10|05|26|039.336|000.007|000.291
0000131590|21|02|23|10|05|27|039.310|000.081|003.202
0000131690|21|02|23|10|05|27|039.336|000.022|000.873
0000131790|21|02|23|10|05|27|039.304|000.029|001.164
0000131890|21|02|23|10|05|27|039.326|000.029|001.164
0000131990|21|02|23|10|05|27|039.336|000.007|000.291
0000132090|21|02|23|10|05|27|039.315|000.044|001.746
0000132191|21|02|23|10|05|27|039.347|000.029|001.165
0000132290|21|02|23|10|05|27|039.315|000.051|002.038
0000132390|21|02|23|10|05|27|039.320|000.044|001.747
0000132491|21|02|23|10|05|27|039.357|000.014|000.582
0000132590|21|02|23|10|05|28|039.336|000.059|002.330
0000132691|21|02|23|10|05|28|039.336|000.059|002.330
0000132792|21|02|23|10|05|28|039.342|000.074|002.913
0000132891|21|02|23|10|05|28|039.342|000.029|001.165
0000132991|21|02|23|10|05|28|039.357|000.059|002.331
0000133092|21|02|23|10|05|28|039.342|000.037|001.456
0000133191|21|02|23|10|05|28|039.352|000.037|001.457
0000133291|21|02|23|10|05|28|039.347|000.059|002.331
0000133392|21|02|23|10|05|28|039.342|000.037|001.456
0000133491|21|02|23|10|05|28|039.342|000.037|001.456
0000133591|21|02|23|10|05|29|039.347|000.051|002.039
0000133692|21|02|23|10|05|29|039.326|000.096|003.785
0000133791|21|02|23|10|05|29|039.347|000.022|000.874
0000133891|21|02|23|10|05|29|039.315|000.014|000.582
0000133992|21|02|23|10|05|29|039.342|000.029|001.165
0000134091|21|02|23|10|05|29|039.347|000.066|002.622
