millisecs |yr|mo|da|hr|mi|se|volt   |ampere |watt   
0000000028|21|02|24|08|17|29|039.007|000.051|002.022
0000000119|21|02|24|08|17|29|039.012|000.051|002.022
0000000217|21|02|24|08|17|29|039.007|000.029|001.155
0000000317|21|02|24|08|17|29|039.022|000.022|000.866
0000000418|21|02|24|08|17|30|038.991|000.007|000.288
0000000518|21|02|24|08|17|30|039.012|000.007|000.288
0000000618|21|02|24|08|17|30|038.996|000.059|002.310
0000000718|21|02|24|08|17|30|038.996|000.007|000.288
0000000817|21|02|24|08|17|30|038.996|000.000|000.000
0000000918|21|02|24|08|17|30|039.017|000.029|001.155
0000001018|21|02|24|08|17|30|039.007|000.014|000.577
0000001118|21|02|24|08|17|30|039.022|000.014|000.577
0000001219|21|02|24|08|17|30|039.012|000.007|000.288
0000001317|21|02|24|08|17|30|039.007|000.000|000.000
0000001418|21|02|24|08|17|31|038.996|000.014|000.577
0000001519|21|02|24|08|17|31|038.996|000.051|002.021
0000001618|21|02|24|08|17|31|039.007|000.007|000.288
0000001718|21|02|24|08|17|31|039.001|000.007|000.288
0000001819|21|02|24|08|17|31|038.975|000.007|000.288
0000001918|21|02|24|08|17|31|038.996|000.029|001.155
0000002018|21|02|24|08|17|31|039.001|000.014|000.577
0000002119|21|02|24|08|17|31|038.991|000.007|000.288
0000002218|21|02|24|08|17|31|038.996|000.029|001.155
0000002318|21|02|24|08|17|31|038.996|000.014|000.577
0000002419|21|02|24|08|17|32|039.012|000.074|002.889
0000002518|21|02|24|08|17|32|039.017|000.007|000.288
0000002618|21|02|24|08|17|32|039.001|000.014|000.577
0000002718|21|02|24|08|17|32|039.033|000.000|000.000
0000002818|21|02|24|08|17|32|038.996|000.014|000.577
0000002918|21|02|24|08|17|32|038.985|000.022|000.866
0000003019|21|02|24|08|17|32|039.007|000.014|000.577
0000003118|21|02|24|08|17|32|039.001|000.014|000.577
0000003217|21|02|24|08|17|32|039.007|000.000|000.000
0000003319|21|02|24|08|17|32|039.017|000.096|003.756
0000003419|21|02|24|08|17|33|038.991|000.125|004.908
0000003519|21|02|24|08|17|33|039.007|000.044|001.733
0000003619|21|02|24|08|17|33|038.991|000.037|001.443
0000003719|21|02|24|08|17|33|038.996|000.059|002.310
0000003819|21|02|24|08|17|33|039.007|000.037|001.444
0000003919|21|02|24|08|17|33|038.985|000.051|002.020
0000004019|21|02|24|08|17|33|038.991|000.022|000.866
0000004119|21|02|24|08|17|33|038.969|000.044|001.731
0000004219|21|02|24|08|17|33|038.980|000.103|004.041
0000004319|21|02|24|08|17|33|038.996|000.044|001.732
0000004420|21|02|24|08|17|34|038.996|000.066|002.599
0000004519|21|02|24|08|17|34|038.980|000.125|004.907
0000004619|21|02|24|08|17|34|038.996|000.059|002.310
0000004720|21|02|24|08|17|34|038.996|000.096|003.754
0000004819|21|02|24|08|17|34|039.001|000.118|004.621
0000004919|21|02|24|08|17|34|038.975|000.059|002.309
0000005020|21|02|24|08|17|34|038.996|000.022|000.866
0000005119|21|02|24|08|17|34|038.985|000.037|001.443
0000005219|21|02|24|08|17|34|038.980|000.037|001.443
0000005320|21|02|24|08|17|34|038.959|000.037|001.442
0000005419|21|02|24|08|17|35|038.985|000.133|005.196
0000005519|21|02|24|08|17|35|039.001|000.051|002.021
0000005620|21|02|24|08|17|35|038.975|000.074|002.886
0000005719|21|02|24|08|17|35|038.985|000.029|001.154
0000005819|21|02|24|08|17|35|038.985|000.037|001.443
0000005920|21|02|24|08|17|35|038.975|000.051|002.020
0000006019|21|02|24|08|17|35|038.985|000.066|002.598
0000006119|21|02|24|08|17|35|039.001|000.088|003.465
0000006220|21|02|24|08|17|35|039.001|000.088|003.465
0000006320|21|02|24|08|17|35|038.969|000.059|002.308
0000006420|21|02|24|08|17|36|039.007|000.074|002.888
0000006519|21|02|24|08|17|36|039.001|000.000|000.000
0000006620|21|02|24|08|17|36|038.996|000.081|003.176
0000006720|21|02|24|08|17|36|038.985|000.081|003.175
0000006820|21|02|24|08|17|36|039.007|000.051|002.022
0000006920|21|02|24|08|17|36|039.007|000.051|002.022
0000007020|21|02|24|08|17|36|038.996|000.074|002.887
0000007120|21|02|24|08|17|36|038.996|000.096|003.754
0000007220|21|02|24|08|17|36|038.975|000.140|005.483
0000007321|21|02|24|08|17|36|038.985|000.088|003.464
0000007420|21|02|24|08|17|37|039.001|000.111|004.332
0000007520|21|02|24|08|17|37|038.985|000.088|003.464
0000007621|21|02|24|08|17|37|038.996|000.074|002.887
0000007720|21|02|24|08|17|37|038.985|000.074|002.887
0000007820|21|02|24|08|17|37|039.001|000.059|002.310
0000007921|21|02|24|08|17|37|038.991|000.066|002.598
0000008020|21|02|24|08|17|37|039.001|000.051|002.021
0000008120|21|02|24|08|17|37|038.985|000.014|000.577
0000008221|21|02|24|08|17|37|038.985|000.074|002.887
0000008320|21|02|24|08|17|37|038.991|000.066|002.598
0000008420|21|02|24|08|17|38|038.991|000.051|002.021
0000008521|21|02|24|08|17|38|038.985|000.066|002.598
0000008620|21|02|24|08|17|38|038.964|000.081|003.174
0000008720|21|02|24|08|17|38|038.980|000.059|002.309
0000008821|21|02|24|08|17|38|038.975|000.051|002.020
0000008920|21|02|24|08|17|38|039.001|000.066|002.599
0000009020|21|02|24|08|17|38|038.985|000.074|002.887
0000009121|21|02|24|08|17|38|038.969|000.029|001.154
0000009220|21|02|24|08|17|38|038.959|000.044|001.731
0000009320|21|02|24|08|17|38|038.943|000.051|002.018
0000009420|21|02|24|08|17|39|038.943|000.096|003.749
0000009520|21|02|24|08|17|39|038.948|000.051|002.019
0000009620|21|02|24|08|17|39|038.964|000.066|002.596
0000009720|21|02|24|08|17|39|038.948|000.111|004.326
0000009820|21|02|24|08|17|39|038.969|000.118|004.617
0000009920|21|02|24|08|17|39|038.932|000.125|004.901
0000010020|21|02|24|08|17|39|038.959|000.111|004.327
0000010120|21|02|24|08|17|39|038.969|000.088|003.463
0000010220|21|02|24|08|17|39|038.975|000.096|003.752
0000010320|21|02|24|08|17|39|038.943|000.140|005.479
0000010420|21|02|24|08|17|40|038.959|000.140|005.481
0000010521|21|02|24|08|17|40|038.964|000.170|006.636
0000010620|21|02|24|08|17|40|038.948|000.111|004.326
0000010720|21|02|24|08|17|40|038.969|000.111|004.328
0000010821|21|02|24|08|17|40|038.964|000.081|003.174
0000010920|21|02|24|08|17|40|038.959|000.125|004.904
0000011020|21|02|24|08|17|40|038.937|000.088|003.460
0000011121|21|02|24|08|17|40|038.969|000.088|003.463
0000011220|21|02|24|08|17|40|038.953|000.118|004.615
0000011320|21|02|24|08|17|40|038.953|000.096|003.750
0000011421|21|02|24|08|17|41|038.943|000.059|002.307
0000011520|21|02|24|08|17|41|038.959|000.037|001.442
0000011620|21|02|24|08|17|41|038.921|000.118|004.611
0000011721|21|02|24|08|17|41|038.959|000.096|003.750
0000011820|21|02|24|08|17|41|038.932|000.118|004.613
0000011920|21|02|24|08|17|41|038.932|000.133|005.189
0000012021|21|02|24|08|17|41|038.937|000.207|008.073
0000012120|21|02|24|08|17|41|038.937|000.155|006.055
0000012220|21|02|24|08|17|41|038.773|000.859|033.307
0000012321|21|02|24|08|17|41|038.789|000.666|025.852
0000012420|21|02|24|08|17|42|038.767|000.718|027.847
0000012520|21|02|24|08|17|42|037.454|006.035|226.053
0000012620|21|02|24|08|17|42|038.533|001.903|073.337
0000012720|21|02|24|08|17|42|038.905|000.170|006.626
0000012820|21|02|24|08|17|42|038.836|000.436|016.968
0000012920|21|02|24|08|17|42|038.916|000.170|006.628
0000013020|21|02|24|08|17|42|038.794|000.725|028.154
0000013120|21|02|24|08|17|42|038.762|000.888|034.446
0000013220|21|02|24|08|17|42|037.874|004.324|163.798
0000013320|21|02|24|08|17|42|037.582|005.754|216.247
0000013420|21|02|24|08|17|43|038.411|002.110|081.069
0000013520|21|02|24|08|17|43|038.597|001.377|053.164
0000013620|21|02|24|08|17|43|038.741|000.792|030.697
0000013721|21|02|24|08|17|43|038.741|000.955|037.009
0000013820|21|02|24|08|17|43|038.836|000.444|017.256
0000013920|21|02|24|08|17|43|038.890|000.288|011.231
0000014021|21|02|24|08|17|43|038.725|000.866|033.552
0000014132|21|02|24|08|17|43|038.214|002.880|110.085
0000014231|21|02|24|08|17|43|038.672|001.192|046.107
0000014331|21|02|24|08|17|43|038.789|000.629|024.416
0000014431|21|02|24|08|17|44|038.560|001.384|053.399
0000014532|21|02|24|08|17|44|038.730|000.970|037.572
0000014631|21|02|24|08|17|44|038.565|001.703|065.686
0000014731|21|02|24|08|17|44|038.422|001.962|075.401
0000014832|21|02|24|08|17|44|038.374|002.473|094.915
0000014931|21|02|24|08|17|44|037.943|004.147|157.353
0000015031|21|02|24|08|17|44|038.018|003.754|142.740
0000015132|21|02|24|08|17|44|038.459|002.029|078.037
0000015231|21|02|24|08|17|44|038.459|001.747|067.214
0000015331|21|02|24|08|17|44|038.533|001.451|055.930
0000015432|21|02|24|08|17|45|038.634|001.036|040.055
0000015531|21|02|24|08|17|45|038.645|001.192|046.075
0000015631|21|02|24|08|17|45|038.650|001.125|043.506
0000015732|21|02|24|08|17|45|038.560|001.362|052.542
0000015831|21|02|24|08|17|45|038.496|001.762|067.849
0000015931|21|02|24|08|17|45|038.480|001.673|064.402
0000016032|21|02|24|08|17|45|038.533|001.525|058.784
0000016131|21|02|24|08|17|45|038.539|001.503|057.935
0000016231|21|02|24|08|17|45|038.560|001.325|051.114
0000016332|21|02|24|08|17|45|038.602|001.214|046.882
0000016432|21|02|24|08|17|46|038.586|001.207|046.577
0000016532|21|02|24|08|17|46|038.672|000.977|037.802
0000016632|21|02|24|08|17|46|038.666|000.940|036.365
0000016732|21|02|24|08|17|46|038.735|000.836|032.414
0000016832|21|02|24|08|17|46|038.831|000.340|013.227
0000016932|21|02|24|08|17|46|038.826|000.385|014.951
0000017032|21|02|24|08|17|46|038.815|000.392|015.234
0000017132|21|02|24|08|17|46|038.730|000.696|026.960
0000017232|21|02|24|08|17|46|038.815|000.436|016.959
0000017332|21|02|24|08|17|46|038.900|000.074|002.880
0000017433|21|02|24|08|17|47|038.879|000.229|008.925
0000017532|21|02|24|08|17|47|038.687|000.925|035.812
0000017632|21|02|24|08|17|47|038.108|003.117|118.810
0000017733|21|02|24|08|17|47|037.550|005.213|195.764
0000017832|21|02|24|08|17|47|037.220|006.687|248.896
0000017932|21|02|24|08|17|47|037.624|005.694|214.263
0000018033|21|02|24|08|17|47|037.741|004.472|168.813
0000018132|21|02|24|08|17|47|037.970|003.562|135.250
0000018232|21|02|24|08|17|47|038.081|003.088|117.599
0000018333|21|02|24|08|17|47|038.204|002.925|111.752
0000018432|21|02|24|08|17|48|038.315|002.303|088.244
0000018532|21|02|24|08|17|48|038.454|001.740|066.920
0000018633|21|02|24|08|17|48|038.560|001.273|049.115
0000018732|21|02|24|08|17|48|038.640|000.881|034.051
0000018832|21|02|24|08|17|48|038.863|000.022|000.863
0000018933|21|02|24|08|17|48|038.985|000.436|017.033
0000019032|21|02|24|08|17|48|039.028|000.577|022.543
0000019132|21|02|24|08|17|48|038.905|000.051|002.016
0000019233|21|02|24|08|17|48|038.236|002.480|094.856
0000019332|21|02|24|08|17|48|037.810|004.680|176.962
0000019432|21|02|24|08|17|49|037.082|007.235|268.293
0000019532|21|02|24|08|17|49|037.029|007.686|284.636
0000019632|21|02|24|08|17|49|034.402|019.994|687.862
0000019732|21|02|24|08|17|49|035.072|015.010|526.463
0000019832|21|02|24|08|17|49|038.039|003.325|126.482
0000019932|21|02|24|08|17|49|038.624|000.822|031.749
0000020032|21|02|24|08|17|49|038.751|000.436|016.931
0000020132|21|02|24|08|17|49|038.757|000.436|016.933
0000020232|21|02|24|08|17|49|038.629|000.747|028.892
0000020332|21|02|24|08|17|49|038.794|000.340|013.215
0000020432|21|02|24|08|17|50|038.804|000.199|007.758
0000020558|21|02|24|08|17|50|038.783|000.325|012.637
0000020658|21|02|24|08|17|50|038.751|000.481|018.653
0000020758|21|02|24|08|17|50|038.682|000.696|026.927
0000020858|21|02|24|08|17|50|038.687|000.629|024.352
0000020958|21|02|24|08|17|50|038.820|000.259|010.061
0000021059|21|02|24|08|17|50|038.804|000.340|013.218
0000021158|21|02|24|08|17|50|038.751|000.496|019.227
0000021258|21|02|24|08|17|50|038.757|000.548|021.238
0000021359|21|02|24|08|17|50|038.783|000.288|011.201
0000021458|21|02|24|08|17|51|038.794|000.377|014.651
0000021558|21|02|24|08|17|51|038.804|000.407|015.805
0000021659|21|02|24|08|17|51|038.719|000.599|023.225
0000021758|21|02|24|08|17|51|038.826|000.303|011.788
0000021858|21|02|24|08|17|51|038.789|000.244|009.479
0000021959|21|02|24|08|17|51|038.815|000.414|016.096
0000022058|21|02|24|08|17|51|038.810|000.325|012.645
0000022158|21|02|24|08|17|51|038.804|000.481|018.678
0000022259|21|02|24|08|17|51|038.773|000.459|017.802
0000022358|21|02|24|08|17|51|038.741|000.481|018.648
0000022458|21|02|24|08|17|52|038.799|000.296|011.493
0000022559|21|02|24|08|17|52|038.836|000.333|012.942
0000022658|21|02|24|08|17|52|038.634|000.814|031.471
0000022758|21|02|24|08|17|52|038.533|001.207|046.513
0000022859|21|02|24|08|17|52|038.454|001.784|068.629
0000022958|21|02|24|08|17|52|038.390|002.140|082.161
0000023058|21|02|24|08|17|52|038.560|001.318|050.829
0000023159|21|02|24|08|17|52|038.469|001.392|053.558
0000023259|21|02|24|08|17|52|038.491|001.429|055.013
0000023359|21|02|24|08|17|52|038.469|001.370|052.704
0000023459|21|02|24|08|17|53|038.416|001.688|064.864
0000023559|21|02|24|08|17|53|038.485|001.688|064.981
0000023659|21|02|24|08|17|53|038.485|001.436|055.290
0000023759|21|02|24|08|17|53|038.310|002.177|083.409
0000023859|21|02|24|08|17|53|037.842|004.050|153.291
0000023959|21|02|24|08|17|53|037.177|006.472|240.628
0000024059|21|02|24|08|17|53|037.193|006.309|234.671
0000024159|21|02|24|08|17|53|036.837|007.871|289.984
0000024260|21|02|24|08|17|53|036.933|007.435|274.601
0000024359|21|02|24|08|17|53|037.103|007.131|264.600
0000024459|21|02|24|08|17|54|037.369|005.976|223.325
0000024560|21|02|24|08|17|54|037.927|003.754|142.401
0000024659|21|02|24|08|17|54|038.395|001.562|059.994
0000024759|21|02|24|08|17|54|038.666|000.799|030.925
0000024860|21|02|24|08|17|54|038.804|000.096|003.735
0000024959|21|02|24|08|17|54|038.927|000.236|009.224
0000025059|21|02|24|08|17|54|038.858|000.236|009.208
0000025160|21|02|24|08|17|54|038.953|000.481|018.750
0000025259|21|02|24|08|17|54|038.948|000.422|016.440
0000025359|21|02|24|08|17|54|038.852|000.088|003.452
0000025460|21|02|24|08|17|55|038.799|000.259|010.056
0000025559|21|02|24|08|17|55|038.624|000.784|030.319
0000025659|21|02|24|08|17|55|038.342|002.043|078.367
0000025760|21|02|24|08|17|55|038.198|002.443|093.349
0000025859|21|02|24|08|17|55|038.305|002.236|085.667
0000025959|21|02|24|08|17|55|038.523|001.495|057.626
0000026060|21|02|24|08|17|55|038.666|000.747|028.920
0000026160|21|02|24|08|17|55|038.783|000.377|014.647
0000026260|21|02|24|08|17|55|038.735|000.407|015.777
0000026360|21|02|24|08|17|55|038.496|001.318|050.744
0000026460|21|02|24|08|17|56|038.352|001.451|055.668
0000026560|21|02|24|08|17|56|038.145|001.910|072.881
0000026660|21|02|24|08|17|56|038.039|003.317|126.200
0000026760|21|02|24|08|17|56|037.901|003.228|122.373
0000026860|21|02|24|08|17|56|037.773|004.087|154.410
0000026960|21|02|24|08|17|56|037.847|003.747|141.821
0000027068|21|02|24|08|17|56|037.842|003.628|137.317
0000027169|21|02|24|08|17|56|037.980|003.613|137.256
0000027268|21|02|24|08|17|56|037.879|003.524|133.525
0000027368|21|02|24|08|17|57|037.853|003.902|147.728
0000027468|21|02|24|08|17|57|037.837|004.050|153.269
0000027568|21|02|24|08|17|57|037.895|003.554|134.704
0000027668|21|02|24|08|17|57|038.156|002.495|095.223
0000027768|21|02|24|08|17|57|038.400|001.644|063.131
0000027868|21|02|24|08|17|57|038.714|000.488|018.922
0000027968|21|02|24|08|17|57|038.826|000.066|002.587
0000028068|21|02|24|08|17|57|038.836|000.051|002.013
0000028167|21|02|24|08|17|57|038.794|000.000|000.000
0000028268|21|02|24|08|17|57|038.810|000.014|000.574
0000028368|21|02|24|08|17|58|038.820|000.222|008.624
0000028468|21|02|24|08|17|58|038.751|000.436|016.931
0000028569|21|02|24|08|17|58|038.741|000.429|016.639
0000028668|21|02|24|08|17|58|038.693|000.614|023.782
0000028768|21|02|24|08|17|58|038.672|000.629|024.342
0000028869|21|02|24|08|17|58|038.682|000.629|024.349
0000028968|21|02|24|08|17|58|038.666|000.747|028.920
0000029068|21|02|24|08|17|58|038.661|000.592|022.904
0000029169|21|02|24|08|17|58|038.645|000.570|022.036
0000029268|21|02|24|08|17|58|038.650|000.710|027.477
0000029368|21|02|24|08|17|59|038.661|000.755|029.203
0000029469|21|02|24|08|17|59|038.560|001.051|040.548
0000029568|21|02|24|08|17|59|038.475|001.592|061.259
0000029668|21|02|24|08|17|59|038.283|002.014|077.114
0000029769|21|02|24|08|17|59|038.140|002.665|101.680
0000029868|21|02|24|08|17|59|038.161|002.695|102.867
0000029968|21|02|24|08|17|59|038.220|002.214|084.627
0000030069|21|02|24|08|17|59|038.337|001.903|072.962
0000030168|21|02|24|08|17|59|038.342|001.873|071.837
0000030268|21|02|24|08|17|59|038.150|002.554|097.470
0000030369|21|02|24|08|18|00|038.049|002.976|113.273
0000030468|21|02|24|08|18|00|038.092|002.740|104.373
0000030568|21|02|24|08|18|00|038.294|002.236|085.643
0000030668|21|02|24|08|18|00|038.374|001.740|066.781
0000030768|21|02|24|08|18|00|038.549|001.051|040.537
0000030868|21|02|24|08|18|00|038.799|000.199|007.757
0000030968|21|02|24|08|18|00|038.863|000.007|000.287
0000031068|21|02|24|08|18|00|038.767|000.162|006.316
0000031168|21|02|24|08|18|00|038.804|000.148|005.747
0000031268|21|02|24|08|18|00|038.735|000.318|012.334
0000031368|21|02|24|08|18|01|038.682|000.503|019.479
0000031468|21|02|24|08|18|01|038.640|000.636|024.608
0000031568|21|02|24|08|18|01|038.576|000.822|031.709
0000031668|21|02|24|08|18|01|038.602|000.977|037.734
0000031769|21|02|24|08|18|01|038.544|000.999|038.534
0000031868|21|02|24|08|18|01|038.523|001.051|040.509
0000031968|21|02|24|08|18|01|038.565|000.918|035.413
0000032069|21|02|24|08|18|01|038.592|000.829|032.008
0000032168|21|02|24|08|18|01|038.565|001.029|039.697
0000032268|21|02|24|08|18|01|038.549|001.081|041.679
0000032369|21|02|24|08|18|02|038.592|000.866|033.437
0000032468|21|02|24|08|18|02|038.645|000.747|028.904
0000032568|21|02|24|08|18|02|038.656|000.562|021.756
0000032669|21|02|24|08|18|02|038.709|000.422|016.339
0000032768|21|02|24|08|18|02|038.682|000.436|016.901
0000032868|21|02|24|08|18|02|038.703|000.570|022.069
0000032969|21|02|24|08|18|02|038.730|000.473|018.356
0000033068|21|02|24|08|18|02|038.725|000.399|015.485
0000033168|21|02|24|08|18|02|038.640|000.740|028.614
0000033269|21|02|24|08|18|02|038.571|000.962|037.132
0000033368|21|02|24|08|18|03|038.560|001.036|039.977
0000033493|21|02|24|08|18|03|038.544|000.925|035.679
0000033593|21|02|24|08|18|03|038.571|000.873|033.704
0000033694|21|02|24|08|18|03|038.544|001.340|051.664
0000033793|21|02|24|08|18|03|038.427|001.606|061.752
0000033893|21|02|24|08|18|03|038.342|001.925|073.824
0000033994|21|02|24|08|18|03|038.283|002.088|079.949
0000034093|21|02|24|08|18|03|038.278|002.369|090.710
0000034193|21|02|24|08|18|03|038.342|002.036|078.083
0000034294|21|02|24|08|18|03|038.321|001.777|068.108
0000034393|21|02|24|08|18|04|038.485|001.436|055.290
0000034493|21|02|24|08|18|04|038.565|000.866|033.414
0000034594|21|02|24|08|18|04|038.709|000.481|018.632
0000034694|21|02|24|08|18|04|038.751|000.207|008.035
0000034794|21|02|24|08|18|04|038.783|000.111|004.308
0000034894|21|02|24|08|18|04|038.826|000.059|002.300
0000034994|21|02|24|08|18|04|038.820|000.066|002.587
0000035094|21|02|24|08|18|04|038.602|000.881|034.018
0000035194|21|02|24|08|18|04|038.129|003.080|117.464
0000035294|21|02|24|08|18|04|038.103|003.228|123.026
0000035395|21|02|24|08|18|05|038.384|001.895|072.769
0000035494|21|02|24|08|18|05|038.342|002.006|076.948
0000035594|21|02|24|08|18|05|038.597|000.955|036.872
0000035695|21|02|24|08|18|05|038.618|000.844|032.602
0000035794|21|02|24|08|18|05|038.831|000.051|002.012
0000035894|21|02|24|08|18|05|038.794|000.148|005.745
0000035995|21|02|24|08|18|05|038.507|000.910|035.074
0000036094|21|02|24|08|18|05|038.092|003.043|115.939
0000036194|21|02|24|08|18|05|037.379|005.405|202.074
0000036295|21|02|24|08|18|05|036.013|011.567|416.577
0000036394|21|02|24|08|18|06|036.837|007.864|289.711
0000036494|21|02|24|08|18|06|037.571|004.872|183.076
0000036595|21|02|24|08|18|06|037.310|006.190|230.989
0000036694|21|02|24|08|18|06|036.694|008.605|315.756
0000036794|21|02|24|08|18|06|036.683|008.679|318.381
0000036895|21|02|24|08|18|06|037.108|006.376|236.608
0000036994|21|02|24|08|18|06|037.800|003.643|137.723
0000037094|21|02|24|08|18|06|038.475|000.999|038.465
0000037195|21|02|24|08|18|06|038.757|000.177|006.888
0000037294|21|02|24|08|18|06|038.778|000.029|001.148
0000037394|21|02|24|08|18|07|038.496|001.303|050.174
0000037495|21|02|24|08|18|07|038.214|002.406|091.973
0000037595|21|02|24|08|18|07|036.826|007.783|286.628
0000037695|21|02|24|08|18|07|032.961|022.438|739.601
0000037795|21|02|24|08|18|07|034.035|016.180|550.722
0000037895|21|02|24|08|18|07|036.800|007.509|276.338
0000037995|21|02|24|08|18|07|037.778|003.569|134.848
0000038095|21|02|24|08|18|07|038.198|002.103|080.337
0000038195|21|02|24|08|18|07|038.422|001.170|044.956
0000038295|21|02|24|08|18|07|038.544|000.592|022.835
0000038395|21|02|24|08|18|08|038.507|000.799|030.797
0000038495|21|02|24|08|18|08|038.454|001.021|039.298
0000038596|21|02|24|08|18|08|038.820|000.281|010.924
0000038695|21|02|24|08|18|08|038.352|001.673|064.188
0000038795|21|02|24|08|18|08|037.496|004.643|174.105
0000038896|21|02|24|08|18|08|036.577|008.434|308.519
0000038995|21|02|24|08|18|08|034.450|017.410|599.783
0000039095|21|02|24|08|18|08|034.923|015.455|539.745
0000039196|21|02|24|08|18|08|036.465|008.753|319.189
0000039295|21|02|24|08|18|08|037.193|005.879|218.696
0000039395|21|02|24|08|18|09|037.991|002.584|098.188
0000039496|21|02|24|08|18|09|038.517|000.792|030.520
0000039595|21|02|24|08|18|09|038.810|000.399|015.519
0000039695|21|02|24|08|18|09|038.608|000.488|018.870
0000039796|21|02|24|08|18|09|037.757|004.265|161.055
0000039937|21|02|24|08|18|09|033.567|019.498|654.516
0000040037|21|02|24|08|18|09|033.780|022.097|746.468
0000040138|21|02|24|08|18|09|032.993|021.905|722.726
0000040237|21|02|24|08|18|09|036.725|006.568|241.238
0000040337|21|02|24|08|18|09|038.581|000.096|003.714
0000040438|21|02|24|08|18|10|038.597|000.088|003.429
0000040537|21|02|24|08|18|10|038.374|001.310|050.299
0000040637|21|02|24|08|18|10|038.810|000.703|027.303
0000040738|21|02|24|08|18|10|037.220|006.035|224.641
0000040838|21|02|24|08|18|10|036.284|009.834|356.837
0000040938|21|02|24|08|18|10|034.992|015.536|543.664
0000041038|21|02|24|08|18|10|032.674|023.741|775.745
0000041138|21|02|24|08|18|10|033.009|022.697|749.231
0000041238|21|02|24|08|18|10|033.992|018.313|622.533
0000041338|21|02|24|08|18|10|036.747|006.909|253.896
0000041438|21|02|24|08|18|11|038.448|000.555|021.354
0000041539|21|02|24|08|18|11|038.629|000.140|005.435
0000041638|21|02|24|08|18|11|038.634|000.111|004.291
0000041738|21|02|24|08|18|11|038.390|001.044|040.085
0000041839|21|02|24|08|18|11|037.427|004.576|171.290
0000041938|21|02|24|08|18|11|035.380|014.040|496.769
0000042038|21|02|24|08|18|11|034.375|016.232|558.011
0000042139|21|02|24|08|18|11|037.007|006.109|226.098
0000042238|21|02|24|08|18|11|038.044|002.147|081.703
0000042338|21|02|24|08|18|11|038.230|001.473|056.339
0000042439|21|02|24|08|18|12|038.299|001.066|040.842
0000042538|21|02|24|08|18|12|038.411|000.792|030.436
0000042638|21|02|24|08|18|12|038.198|001.792|068.456
0000042739|21|02|24|08|18|12|038.033|002.458|093.510
0000042838|21|02|24|08|18|12|038.065|002.295|087.387
0000042938|21|02|24|08|18|12|037.890|002.947|111.676
0000043039|21|02|24|08|18|12|037.975|002.369|089.991
0000043138|21|02|24|08|18|12|037.730|003.658|138.030
0000043238|21|02|24|08|18|12|037.427|004.613|172.676
0000043339|21|02|24|08|18|12|037.326|005.391|201.234
0000043438|21|02|24|08|18|13|037.145|006.057|225.017
0000043538|21|02|24|08|18|13|036.444|007.116|259.358
0000043639|21|02|24|08|18|13|035.401|012.500|442.537
0000043739|21|02|24|08|18|13|036.364|008.849|321.806
0000043839|21|02|24|08|18|13|036.917|006.850|252.884
0000043939|21|02|24|08|18|13|037.651|003.591|135.229
0000044039|21|02|24|08|18|13|038.310|000.962|036.881
0000044139|21|02|24|08|18|13|038.741|000.555|021.517
0000044239|21|02|24|08|18|13|038.672|000.399|015.464
0000044339|21|02|24|08|18|13|038.459|000.540|020.790
0000044439|21|02|24|08|18|14|038.007|002.488|094.570
0000044539|21|02|24|08|18|14|036.098|009.567|345.383
0000044639|21|02|24|08|18|14|037.278|005.124|191.038
0000044740|21|02|24|08|18|14|037.895|002.517|095.415
0000044839|21|02|24|08|18|14|037.603|004.117|154.828
0000044939|21|02|24|08|18|14|037.395|004.769|178.344
0000045040|21|02|24|08|18|14|038.140|001.784|068.069
0000045139|21|02|24|08|18|14|038.315|001.103|042.277
0000045239|21|02|24|08|18|14|038.273|001.392|053.284
0000045340|21|02|24|08|18|14|038.251|001.273|048.722
0000045439|21|02|24|08|18|15|038.374|000.977|037.511
0000045539|21|02|24|08|18|15|038.395|000.859|032.982
0000045640|21|02|24|08|18|15|038.395|000.651|025.021
0000045739|21|02|24|08|18|15|038.438|000.488|018.786
0000045839|21|02|24|08|18|15|038.352|001.051|040.330
0000045940|21|02|24|08|18|15|038.459|000.725|027.911
0000046039|21|02|24|08|18|15|038.326|001.162|044.560
0000046139|21|02|24|08|18|15|037.991|002.591|098.470
0000046240|21|02|24|08|18|15|037.582|003.880|145.834
0000046368|21|02|24|08|18|16|037.268|005.361|199.815
0000046467|21|02|24|08|18|16|036.896|006.916|255.198
0000046567|21|02|24|08|18|16|036.885|007.005|258.402
0000046668|21|02|24|08|18|16|037.215|005.131|190.986
0000046768|21|02|24|08|18|16|037.879|003.006|113.889
0000046868|21|02|24|08|18|16|037.948|002.525|095.830
0000046968|21|02|24|08|18|16|037.980|002.458|093.379
0000047068|21|02|24|08|18|16|038.129|001.962|074.827
0000047168|21|02|24|08|18|16|038.236|001.569|060.028
0000047268|21|02|24|08|18|16|038.166|001.666|063.594
0000047368|21|02|24|08|18|17|038.156|001.777|067.815
0000047468|21|02|24|08|18|17|038.384|000.962|036.953
0000047568|21|02|24|08|18|17|038.448|000.466|017.937
0000047668|21|02|24|08|18|17|038.581|000.014|000.571
0000047769|21|02|24|08|18|17|038.528|000.466|017.975
0000047868|21|02|24|08|18|17|038.368|000.962|036.938
0000047968|21|02|24|08|18|17|038.134|001.258|048.009
0000048069|21|02|24|08|18|17|038.103|002.184|083.240
0000048168|21|02|24|08|18|17|037.874|003.021|114.434
0000048268|21|02|24|08|18|17|037.805|003.132|118.425
0000048369|21|02|24|08|18|18|038.145|001.651|062.994
0000048469|21|02|24|08|18|18|038.283|001.192|045.644
0000048568|21|02|24|08|18|18|038.294|001.133|043.388
0000048669|21|02|24|08|18|18|038.342|001.088|041.739
0000048768|21|02|24|08|18|18|038.331|001.058|040.592
0000048868|21|02|24|08|18|18|038.411|000.836|032.143
0000048969|21|02|24|08|18|18|038.299|001.399|053.605
0000049068|21|02|24|08|18|18|038.097|002.088|079.560
0000049168|21|02|24|08|18|18|038.007|002.177|082.749
0000049269|21|02|24|08|18|18|037.624|003.865|145.442
0000049368|21|02|24|08|18|19|036.736|007.427|272.866
0000049468|21|02|24|08|18|19|036.029|007.864|283.355
0000049569|21|02|24|08|18|19|036.811|007.027|258.698
0000049668|21|02|24|08|18|19|036.545|007.849|286.870
0000049768|21|02|24|08|18|19|036.242|009.212|333.874
0000049868|21|02|24|08|18|19|036.236|009.241|334.899
0000049968|21|02|24|08|18|19|036.491|008.427|307.531
0000050068|21|02|24|08|18|19|036.747|007.027|258.250
0000050168|21|02|24|08|18|19|037.385|004.546|169.988
0000050268|21|02|24|08|18|19|037.948|002.377|090.209
0000050368|21|02|24|08|18|20|038.310|000.962|036.881
0000050468|21|02|24|08|18|20|038.576|000.103|003.999
0000050568|21|02|24|08|18|20|038.714|000.577|022.362
0000050668|21|02|24|08|18|20|038.682|000.540|020.911
0000050768|21|02|24|08|18|20|038.719|000.562|021.792
0000050868|21|02|24|08|18|20|038.682|000.429|016.614
0000050969|21|02|24|08|18|20|038.560|000.037|001.427
0000051068|21|02|24|08|18|20|038.427|000.725|027.888
0000051168|21|02|24|08|18|20|038.198|001.658|063.364
0000051269|21|02|24|08|18|20|037.986|002.540|096.487
0000051368|21|02|24|08|18|21|038.246|001.629|062.311
0000051468|21|02|24|08|18|21|038.331|001.177|045.134
0000051569|21|02|24|08|18|21|038.294|001.088|041.687
0000051668|21|02|24|08|18|21|038.337|001.118|042.869
0000051768|21|02|24|08|18|21|038.241|001.407|053.806
0000051869|21|02|24|08|18|21|038.172|001.673|063.886
0000051968|21|02|24|08|18|21|038.166|001.888|072.073
0000052068|21|02|24|08|18|21|038.119|001.710|065.208
0000052169|21|02|24|08|18|21|038.166|001.799|068.682
0000052268|21|02|24|08|18|21|038.140|001.836|070.046
0000052368|21|02|24|08|18|22|038.108|002.066|078.736
0000052469|21|02|24|08|18|22|038.161|001.821|069.520
0000052568|21|02|24|08|18|22|038.182|001.799|068.710
0000052668|21|02|24|08|18|22|038.188|001.747|066.740
0000052769|21|02|24|08|18|22|038.140|001.932|073.718
0000052869|21|02|24|08|18|22|038.103|002.192|083.522
0000052968|21|02|24|08|18|22|038.060|002.132|081.174
0000053068|21|02|24|08|18|22|038.119|001.969|075.088
0000053168|21|02|24|08|18|22|038.140|001.718|065.527
0000053268|21|02|24|08|18|22|038.156|001.606|061.316
0000053368|21|02|24|08|18|23|038.283|001.266|048.479
0000053468|21|02|24|08|18|23|038.379|000.770|029.558
0000053568|21|02|24|08|18|23|038.469|000.355|013.674
0000053668|21|02|24|08|18|23|038.533|000.281|010.843
0000053768|21|02|24|08|18|23|038.507|000.377|014.543
0000053868|21|02|24|08|18|23|038.469|000.459|017.662
0000053968|21|02|24|08|18|23|038.533|000.333|012.841
0000054068|21|02|24|08|18|23|038.501|000.422|016.252
0000054169|21|02|24|08|18|23|038.507|000.510|019.676
0000054268|21|02|24|08|18|23|038.390|000.910|034.968
0000054368|21|02|24|08|18|24|038.172|001.695|064.734
0000054469|21|02|24|08|18|24|038.076|002.051|078.106
0000054568|21|02|24|08|18|24|037.943|002.828|107.337
0000054668|21|02|24|08|18|24|037.784|003.517|132.908
0000054769|21|02|24|08|18|24|037.794|003.562|134.625
0000054868|21|02|24|08|18|24|037.858|002.717|102.891
0000054968|21|02|24|08|18|24|037.794|002.925|110.554
0000055069|21|02|24|08|18|24|038.007|002.540|096.541
0000055168|21|02|24|08|18|24|037.980|002.421|091.973
0000055268|21|02|24|08|18|24|037.858|002.747|104.013
0000055369|21|02|24|08|18|25|037.789|003.162|119.494
0000055468|21|02|24|08|18|25|037.316|004.813|179.622
0000055568|21|02|24|08|18|25|037.401|005.072|189.725
0000055669|21|02|24|08|18|25|037.502|004.013|150.524
0000055768|21|02|24|08|18|25|037.523|004.643|174.229
0000055868|21|02|24|08|18|25|037.369|005.057|189.010
0000055969|21|02|24|08|18|25|037.395|004.717|176.406
0000056068|21|02|24|08|18|25|037.502|004.361|163.577
0000056168|21|02|24|08|18|25|037.943|002.725|103.403
0000056268|21|02|24|08|18|25|038.113|001.806|068.868
0000056368|21|02|24|08|18|26|038.150|001.725|065.828
0000056468|21|02|24|08|18|26|038.033|002.192|083.370
0000056568|21|02|24|08|18|26|038.055|002.132|081.162
0000056668|21|02|24|08|18|26|038.395|000.703|027.011
0000056768|21|02|24|08|18|26|038.608|000.236|009.149
0000056868|21|02|24|08|18|26|038.661|000.266|010.306
0000056968|21|02|24|08|18|26|038.884|000.992|038.586
0000057068|21|02|24|08|18|26|037.018|007.501|277.700
0000057168|21|02|24|08|18|26|037.863|002.836|107.392
0000057268|21|02|24|08|18|26|038.400|000.733|028.153
0000057369|21|02|24|08|18|27|038.283|001.355|051.882
0000057468|21|02|24|08|18|27|038.097|001.821|069.404
0000057568|21|02|24|08|18|27|038.299|001.214|046.514
0000057669|21|02|24|08|18|27|038.145|001.895|072.316
0000057768|21|02|24|08|18|27|037.954|002.806|106.524
0000057868|21|02|24|08|18|27|036.975|006.901|255.202
0000057969|21|02|24|08|18|27|037.566|003.873|145.494
0000058068|21|02|24|08|18|27|038.251|001.110|042.490
0000058168|21|02|24|08|18|27|038.555|000.096|003.711
0000058269|21|02|24|08|18|27|038.571|000.007|000.285
0000058368|21|02|24|08|18|28|038.443|000.548|021.067
0000058468|21|02|24|08|18|28|038.188|001.681|064.195
0000058569|21|02|24|08|18|28|037.826|003.465|131.097
0000058668|21|02|24|08|18|28|037.810|003.339|126.281
0000058768|21|02|24|08|18|28|038.299|000.970|037.155
0000058869|21|02|24|08|18|28|038.549|000.096|003.711
0000058968|21|02|24|08|18|28|038.448|000.533|020.500
0000059068|21|02|24|08|18|28|038.262|001.510|057.803
0000059169|21|02|24|08|18|28|037.948|002.569|097.516
0000059283|21|02|24|08|18|28|038.379|000.696|026.716
0000059383|21|02|24|08|18|29|038.592|000.103|004.001
0000059483|21|02|24|08|18|29|038.331|001.281|049.108
0000059583|21|02|24|08|18|29|037.534|004.302|161.492
0000059683|21|02|24|08|18|29|037.714|002.925|110.321
0000059783|21|02|24|08|18|29|038.469|000.399|015.383
0000059883|21|02|24|08|18|29|038.576|000.029|001.142
0000059983|21|02|24|08|18|29|036.997|006.346|234.800
0000060083|21|02|24|08|18|29|034.779|015.551|540.875
0000060183|21|02|24|08|18|29|038.220|001.318|050.380
0000060283|21|02|24|08|18|29|038.592|000.133|005.144
0000060383|21|02|24|08|18|30|038.480|000.355|013.678
0000060484|21|02|24|08|18|30|038.406|000.644|024.744
0000060583|21|02|24|08|18|30|038.278|001.466|056.126
0000060683|21|02|24|08|18|30|037.725|003.636|137.172
0000060802|21|02|24|08|18|30|037.853|002.399|090.823
0000060901|21|02|24|08|18|30|038.251|001.177|045.040
0000061002|21|02|24|08|18|30|038.539|000.259|009.988
0000061101|21|02|24|08|18|30|038.555|000.037|001.427
0000061201|21|02|24|08|18|30|038.507|000.340|013.117
0000061302|21|02|24|08|18|30|038.475|000.488|018.805
0000061401|21|02|24|08|18|31|038.443|000.718|027.614
0000061501|21|02|24|08|18|31|038.267|001.221|046.759
0000061602|21|02|24|08|18|31|037.869|002.540|096.189
0000061701|21|02|24|08|18|31|037.810|002.939|111.161
0000061801|21|02|24|08|18|31|038.081|002.236|085.167
0000061902|21|02|24|08|18|31|038.198|001.629|062.233
0000062002|21|02|24|08|18|31|038.257|001.318|050.429
0000062102|21|02|24|08|18|31|038.039|002.310|087.889
0000062202|21|02|24|08|18|31|037.831|002.740|103.659
0000062302|21|02|24|08|18|31|037.358|005.043|188.403
0000062403|21|02|24|08|18|32|037.906|002.680|101.618
0000062502|21|02|24|08|18|32|038.209|001.547|059.138
0000062602|21|02|24|08|18|32|038.400|000.799|030.712
0000062703|21|02|24|08|18|32|038.523|000.362|013.978
0000062802|21|02|24|08|18|32|038.416|000.755|029.018
0000062902|21|02|24|08|18|32|038.448|000.659|025.340
0000063003|21|02|24|08|18|32|038.443|000.614|023.629
0000063102|21|02|24|08|18|32|038.438|000.681|026.187
0000063202|21|02|24|08|18|32|038.374|000.925|035.522
0000063303|21|02|24|08|18|32|038.406|000.851|032.707
0000063402|21|02|24|08|18|33|038.400|000.814|031.281
0000063502|21|02|24|08|18|33|038.342|000.940|036.060
0000063603|21|02|24|08|18|33|038.422|000.718|027.599
0000063702|21|02|24|08|18|33|038.406|000.799|030.716
0000063802|21|02|24|08|18|33|038.443|000.696|026.760
0000063903|21|02|24|08|18|33|038.459|000.518|019.936
0000064002|21|02|24|08|18|33|038.459|000.703|027.056
0000064102|21|02|24|08|18|33|038.352|001.007|038.626
0000064203|21|02|24|08|18|33|038.337|001.014|038.894
0000064302|21|02|24|08|18|33|038.379|000.844|032.400
0000064402|21|02|24|08|18|34|038.395|000.940|036.110
0000064503|21|02|24|08|18|34|038.406|000.896|034.414
0000064602|21|02|24|08|18|34|038.368|001.014|038.927
0000064702|21|02|24|08|18|34|038.368|001.177|045.178
0000064803|21|02|24|08|18|34|038.358|001.066|040.904
0000064902|21|02|24|08|18|34|038.390|000.881|033.831
0000065002|21|02|24|08|18|34|038.368|000.918|035.233
0000065102|21|02|24|08|18|34|038.384|000.940|036.100
0000065202|21|02|24|08|18|34|038.422|000.792|030.444
0000065302|21|02|24|08|18|34|038.427|000.585|022.481
0000065402|21|02|24|08|18|35|038.427|000.599|023.050
0000065502|21|02|24|08|18|35|038.411|000.688|026.454
0000065614|21|02|24|08|18|35|038.480|000.688|026.501
0000065712|21|02|24|08|18|35|038.454|000.718|027.622
0000065812|21|02|24|08|18|35|038.443|000.725|027.899
0000065913|21|02|24|08|18|35|038.469|000.622|023.930
0000066013|21|02|24|08|18|35|038.485|000.614|023.655
0000066113|21|02|24|08|18|35|038.560|000.333|012.850
0000066213|21|02|24|08|18|35|038.549|000.251|009.706
0000066313|21|02|24|08|18|35|038.555|000.370|014.275
0000066414|21|02|24|08|18|36|038.517|000.281|010.839
0000066513|21|02|24|08|18|36|038.533|000.325|012.555
0000066613|21|02|24|08|18|36|038.549|000.096|003.711
0000066714|21|02|24|08|18|36|038.597|000.096|003.715
0000066813|21|02|24|08|18|36|038.602|000.103|004.002
0000066913|21|02|24|08|18|36|038.581|000.148|005.714
0000067014|21|02|24|08|18|36|038.539|000.148|005.707
0000067113|21|02|24|08|18|36|038.565|000.162|006.283
0000067213|21|02|24|08|18|36|038.555|000.222|008.565
0000067314|21|02|24|08|18|36|038.539|000.333|012.842
0000067413|21|02|24|08|18|37|038.432|000.740|028.461
0000067513|21|02|24|08|18|37|038.289|001.199|045.934
0000067614|21|02|24|08|18|37|038.002|002.421|092.024
0000067713|21|02|24|08|18|37|037.784|003.798|143.541
0000067813|21|02|24|08|18|37|037.007|006.583|243.637
0000067914|21|02|24|08|18|37|036.582|006.790|248.422
0000068013|21|02|24|08|18|37|036.752|007.242|266.180
0000068113|21|02|24|08|18|37|036.768|007.501|275.826
0000068214|21|02|24|08|18|37|036.539|008.220|300.358
0000068313|21|02|24|08|18|37|036.773|007.012|257.892
0000068413|21|02|24|08|18|38|036.874|006.753|249.043
0000068514|21|02|24|08|18|38|036.991|006.087|225.178
0000068613|21|02|24|08|18|38|037.406|004.598|172.024
0000068713|21|02|24|08|18|38|037.608|003.680|138.418
0000068814|21|02|24|08|18|38|037.948|002.510|095.268
0000068914|21|02|24|08|18|38|037.789|003.258|123.132
0000069014|21|02|24|08|18|38|037.954|002.436|092.471
0000069114|21|02|24|08|18|38|038.358|000.829|031.814
0000069214|21|02|24|08|18|38|038.358|000.740|028.405
0000069315|21|02|24|08|18|38|038.448|000.451|017.368
0000069414|21|02|24|08|18|39|038.709|000.644|024.939
0000069514|21|02|24|08|18|39|038.741|000.607|023.525
0000069615|21|02|24|08|18|39|038.714|000.414|016.055
0000069714|21|02|24|08|18|39|038.650|000.377|014.597
0000069814|21|02|24|08|18|39|038.501|000.355|013.685
0000069915|21|02|24|08|18|39|038.443|000.614|023.629
0000070014|21|02|24|08|18|39|038.469|000.377|014.529
0000070114|21|02|24|08|18|39|038.432|000.762|029.314
0000070215|21|02|24|08|18|39|038.299|001.192|045.663
0000070314|21|02|24|08|18|39|038.321|001.214|046.540
0000070414|21|02|24|08|18|40|038.172|001.621|061.907
0000070515|21|02|24|08|18|40|038.092|002.140|081.524
0000070614|21|02|24|08|18|40|038.007|002.436|092.600
0000070714|21|02|24|08|18|40|038.028|002.369|090.117
0000070815|21|02|24|08|18|40|038.103|001.873|071.388
0000070914|21|02|24|08|18|40|038.129|001.703|064.944
0000071014|21|02|24|08|18|40|038.220|001.481|056.607
0000071115|21|02|24|08|18|40|038.108|002.043|077.889
0000071214|21|02|24|08|18|40|037.911|002.665|101.070
0000071314|21|02|24|08|18|40|037.757|003.332|125.824
0000071415|21|02|24|08|18|41|037.566|003.865|145.216
0000071514|21|02|24|08|18|41|037.645|003.510|132.143
0000071614|21|02|24|08|18|41|037.784|003.280|123.954
0000071715|21|02|24|08|18|41|037.592|003.828|143.927
0000071814|21|02|24|08|18|41|037.518|003.924|147.254
0000071914|21|02|24|08|18|41|037.837|002.777|105.075
0000072035|21|02|24|08|18|41|037.986|002.332|088.610
0000072136|21|02|24|08|18|41|037.927|002.651|100.551
0000072235|21|02|24|08|18|41|037.730|003.250|122.662
0000072335|21|02|24|08|18|41|037.954|002.406|091.346
0000072436|21|02|24|08|18|42|038.273|001.244|047.616
0000072535|21|02|24|08|18|42|038.337|000.896|034.352
0000072635|21|02|24|08|18|42|038.432|000.548|021.061
0000072736|21|02|24|08|18|42|038.544|000.044|001.712
0000072835|21|02|24|08|18|42|038.592|000.148|005.715
0000072935|21|02|24|08|18|42|038.586|000.051|002.000
0000073036|21|02|24|08|18|42|038.672|000.473|018.328
0000073135|21|02|24|08|18|42|038.698|000.518|020.060
0000073235|21|02|24|08|18|42|038.661|000.229|008.875
0000073336|21|02|24|08|18|42|038.608|000.007|000.285
0000073435|21|02|24|08|18|43|038.491|000.407|015.677
0000073535|21|02|24|08|18|43|038.379|000.947|036.379
0000073636|21|02|24|08|18|43|038.358|000.984|037.779
0000073736|21|02|24|08|18|43|038.267|001.251|047.892
0000073836|21|02|24|08|18|43|038.267|001.133|043.358
0000073936|21|02|24|08|18|43|038.310|001.140|043.690
0000074036|21|02|24|08|18|43|038.305|001.088|041.698
0000074137|21|02|24|08|18|43|038.294|001.251|047.926
0000074236|21|02|24|08|18|43|038.124|002.006|076.510
0000074336|21|02|24|08|18|43|037.810|003.110|117.601
0000074437|21|02|24|08|18|44|037.624|004.176|157.145
0000074536|21|02|24|08|18|44|037.449|004.702|176.102
0000074636|21|02|24|08|18|44|037.459|004.650|174.210
0000074737|21|02|24|08|18|44|037.667|003.517|132.496
0000074836|21|02|24|08|18|44|037.528|004.013|150.631
0000074936|21|02|24|08|18|44|037.582|003.991|150.009
0000075037|21|02|24|08|18|44|037.496|004.450|166.886
0000075136|21|02|24|08|18|44|037.465|004.184|156.756
0000075236|21|02|24|08|18|44|037.555|003.843|144.341
0000075337|21|02|24|08|18|44|037.571|003.887|146.071
0000075436|21|02|24|08|18|45|037.257|004.939|184.031
0000075536|21|02|24|08|18|45|037.310|004.872|181.807
0000075637|21|02|24|08|18|45|037.273|005.094|189.906
0000075736|21|02|24|08|18|45|037.449|004.391|164.454
0000075836|21|02|24|08|18|45|037.534|003.887|145.927
0000075937|21|02|24|08|18|45|037.805|002.969|112.265
0000076036|21|02|24|08|18|45|037.736|003.280|123.797
0000076136|21|02|24|08|18|45|037.847|002.784|105.385
0000076237|21|02|24|08|18|45|038.395|000.659|025.305
0000076336|21|02|24|08|18|45|038.815|000.859|033.343
0000076436|21|02|24|08|18|46|038.852|001.036|040.281
0000076537|21|02|24|08|18|46|038.783|000.903|035.039
0000076637|21|02|24|08|18|46|038.767|000.755|029.283
0000076737|21|02|24|08|18|46|038.363|001.014|038.921
0000076837|21|02|24|08|18|46|037.725|003.406|128.512
0000076937|21|02|24|08|18|46|038.352|000.903|034.650
0000077038|21|02|24|08|18|46|038.539|000.125|004.851
0000077137|21|02|24|08|18|46|038.464|000.392|015.096
0000077237|21|02|24|08|18|46|038.512|000.288|011.122
0000077338|21|02|24|08|18|46|038.368|000.896|034.380
0000077437|21|02|24|08|18|47|038.161|001.829|069.802
0000077537|21|02|24|08|18|47|038.113|002.029|077.336
0000077638|21|02|24|08|18|47|038.129|002.036|077.650
0000077737|21|02|24|08|18|47|038.358|000.784|030.110
0000077837|21|02|24|08|18|47|038.422|000.725|027.884
0000077938|21|02|24|08|18|47|038.469|000.377|014.529
0000078037|21|02|24|08|18|47|038.496|000.385|014.824
0000078137|21|02|24|08|18|47|038.395|000.725|027.864
0000078238|21|02|24|08|18|47|038.443|000.622|023.913
0000078337|21|02|24|08|18|47|038.475|000.414|015.955
0000078442|21|02|24|08|18|48|038.517|000.199|007.701
0000078542|21|02|24|08|18|48|038.555|000.155|005.995
0000078642|21|02|24|08|18|48|038.544|000.111|004.281
0000078742|21|02|24|08|18|48|038.565|000.185|007.139
0000078842|21|02|24|08|18|48|038.549|000.081|003.140
0000078942|21|02|24|08|18|48|038.539|000.133|005.137
0000079043|21|02|24|08|18|48|038.533|000.355|013.697
0000079142|21|02|24|08|18|48|038.422|000.807|031.014
0000079242|21|02|24|08|18|48|038.315|001.236|047.385
0000079343|21|02|24|08|18|48|038.390|000.851|032.694
0000079442|21|02|24|08|18|49|038.517|000.422|016.258
0000079542|21|02|24|08|18|49|038.485|000.348|013.395
0000079643|21|02|24|08|18|49|038.512|000.325|012.548
0000079742|21|02|24|08|18|49|038.539|000.244|009.418
0000079842|21|02|24|08|18|49|038.533|000.251|009.702
0000079943|21|02|24|08|18|49|038.528|000.348|013.410
0000080042|21|02|24|08|18|49|038.496|000.385|014.824
0000080142|21|02|24|08|18|49|038.496|000.311|011.973
0000080243|21|02|24|08|18|49|038.517|000.318|012.265
0000080342|21|02|24|08|18|49|038.549|000.229|008.849
0000080442|21|02|24|08|18|50|038.560|000.199|007.710
0000080543|21|02|24|08|18|50|038.555|000.236|009.136
0000080642|21|02|24|08|18|50|038.555|000.259|009.993
0000080742|21|02|24|08|18|50|038.512|000.259|009.982
0000080843|21|02|24|08|18|50|038.517|000.288|011.124
